# JRE version: Java(TM) SE Runtime Environment (8.0_121-b13) (build 1.8.0_121-b13)
# Java VM: Java HotSpot(TM) 64-Bit Server VM (25.121-b13 mixed mode windows-amd64 compressed oops)
Heap:
 PSYoungGen      total 120320K, used 29589K [0x00000000eb600000, 0x00000000f3100000, 0x0000000100000000)
  eden space 114688K, 22% used [0x00000000eb600000,0x00000000ecef3d80,0x00000000f2600000)
  from space 5632K, 71% used [0x00000000f2b80000,0x00000000f2f717d8,0x00000000f3100000)
  to   space 5632K, 0% used [0x00000000f2600000,0x00000000f2600000,0x00000000f2b80000)
 ParOldGen       total 42496K, used 12338K [0x00000000c2200000, 0x00000000c4b80000, 0x00000000eb600000)
  object space 42496K, 29% used [0x00000000c2200000,0x00000000c2e0cbd0,0x00000000c4b80000)
 Metaspace       used 17934K, capacity 18156K, committed 18432K, reserved 1064960K
  class space    used 2109K, capacity 2194K, committed 2304K, reserved 1048576K
GC Heap History (10 events):
Event: 71.156 GC heap before
{Heap before GC invocations=14 (full 0):
 PSYoungGen      total 56320K, used 56272K [0x00000000eb600000, 0x00000000ef600000, 0x0000000100000000)
  eden space 53248K, 100% used [0x00000000eb600000,0x00000000eea00000,0x00000000eea00000)
  from space 3072K, 98% used [0x00000000eec00000,0x00000000eeef41e0,0x00000000eef00000)
  to   space 6144K, 0% used [0x00000000ef000000,0x00000000ef000000,0x00000000ef600000)
 ParOldGen       total 42496K, used 11138K [0x00000000c2200000, 0x00000000c4b80000, 0x00000000eb600000)
  object space 42496K, 26% used [0x00000000c2200000,0x00000000c2ce0900,0x00000000c4b80000)
 Metaspace       used 17836K, capacity 18028K, committed 18432K, reserved 1064960K
  class space    used 2105K, capacity 2194K, committed 2304K, reserved 1048576K
Event: 71.174 GC heap after
Heap after GC invocations=14 (full 0):
 PSYoungGen      total 55296K, used 3586K [0x00000000eb600000, 0x00000000ef400000, 0x0000000100000000)
  eden space 51200K, 0% used [0x00000000eb600000,0x00000000eb600000,0x00000000ee800000)
  from space 4096K, 87% used [0x00000000ef000000,0x00000000ef3809b0,0x00000000ef400000)
  to   space 5632K, 0% used [0x00000000ee900000,0x00000000ee900000,0x00000000eee80000)
 ParOldGen       total 42496K, used 11414K [0x00000000c2200000, 0x00000000c4b80000, 0x00000000eb600000)
  object space 42496K, 26% used [0x00000000c2200000,0x00000000c2d25920,0x00000000c4b80000)
 Metaspace       used 17836K, capacity 18028K, committed 18432K, reserved 1064960K
  class space    used 2105K, capacity 2194K, committed 2304K, reserved 1048576K
}
Event: 72.687 GC heap before
{Heap before GC invocations=15 (full 0):
 PSYoungGen      total 55296K, used 54786K [0x00000000eb600000, 0x00000000ef400000, 0x0000000100000000)
  eden space 51200K, 100% used [0x00000000eb600000,0x00000000ee800000,0x00000000ee800000)
  from space 4096K, 87% used [0x00000000ef000000,0x00000000ef3809b0,0x00000000ef400000)
  to   space 5632K, 0% used [0x00000000ee900000,0x00000000ee900000,0x00000000eee80000)
 ParOldGen       total 42496K, used 11414K [0x00000000c2200000, 0x00000000c4b80000, 0x00000000eb600000)
  object space 42496K, 26% used [0x00000000c2200000,0x00000000c2d25920,0x00000000c4b80000)
 Metaspace       used 17847K, capacity 18028K, committed 18432K, reserved 1064960K
  class space    used 2105K, capacity 2194K, committed 2304K, reserved 1048576K
Event: 72.711 GC heap after
Heap after GC invocations=15 (full 0):
 PSYoungGen      total 57856K, used 3509K [0x00000000eb600000, 0x00000000f1100000, 0x0000000100000000)
  eden space 52224K, 0% used [0x00000000eb600000,0x00000000eb600000,0x00000000ee900000)
  from space 5632K, 62% used [0x00000000ee900000,0x00000000eec6d650,0x00000000eee80000)
  to   space 5632K, 0% used [0x00000000f0b80000,0x00000000f0b80000,0x00000000f1100000)
 ParOldGen       total 42496K, used 11786K [0x00000000c2200000, 0x00000000c4b80000, 0x00000000eb600000)
  object space 42496K, 27% used [0x00000000c2200000,0x00000000c2d82bd0,0x00000000c4b80000)
 Metaspace       used 17847K, capacity 18028K, committed 18432K, reserved 1064960K
  class space    used 2105K, capacity 2194K, committed 2304K, reserved 1048576K
}
Event: 74.051 GC heap before
{Heap before GC invocations=16 (full 0):
 PSYoungGen      total 57856K, used 55733K [0x00000000eb600000, 0x00000000f1100000, 0x0000000100000000)
  eden space 52224K, 100% used [0x00000000eb600000,0x00000000ee900000,0x00000000ee900000)
  from space 5632K, 62% used [0x00000000ee900000,0x00000000eec6d650,0x00000000eee80000)
  to   space 5632K, 0% used [0x00000000f0b80000,0x00000000f0b80000,0x00000000f1100000)
 ParOldGen       total 42496K, used 11786K [0x00000000c2200000, 0x00000000c4b80000, 0x00000000eb600000)
  object space 42496K, 27% used [0x00000000c2200000,0x00000000c2d82bd0,0x00000000c4b80000)
 Metaspace       used 17856K, capacity 18092K, committed 18432K, reserved 1064960K
  class space    used 2105K, capacity 2194K, committed 2304K, reserved 1048576K
Event: 74.071 GC heap after
Heap after GC invocations=16 (full 0):
 PSYoungGen      total 87552K, used 2900K [0x00000000eb600000, 0x00000000f1300000, 0x0000000100000000)
  eden space 81920K, 0% used [0x00000000eb600000,0x00000000eb600000,0x00000000f0600000)
  from space 5632K, 51% used [0x00000000f0b80000,0x00000000f0e55308,0x00000000f1100000)
  to   space 5632K, 0% used [0x00000000f0600000,0x00000000f0600000,0x00000000f0b80000)
 ParOldGen       total 42496K, used 12010K [0x00000000c2200000, 0x00000000c4b80000, 0x00000000eb600000)
  object space 42496K, 28% used [0x00000000c2200000,0x00000000c2dbabd0,0x00000000c4b80000)
 Metaspace       used 17856K, capacity 18092K, committed 18432K, reserved 1064960K
  class space    used 2105K, capacity 2194K, committed 2304K, reserved 1048576K
}
Event: 76.060 GC heap before
{Heap before GC invocations=17 (full 0):
 PSYoungGen      total 87552K, used 84820K [0x00000000eb600000, 0x00000000f1300000, 0x0000000100000000)
  eden space 81920K, 100% used [0x00000000eb600000,0x00000000f0600000,0x00000000f0600000)
  from space 5632K, 51% used [0x00000000f0b80000,0x00000000f0e55308,0x00000000f1100000)
  to   space 5632K, 0% used [0x00000000f0600000,0x00000000f0600000,0x00000000f0b80000)
 ParOldGen       total 42496K, used 12010K [0x00000000c2200000, 0x00000000c4b80000, 0x00000000eb600000)
  object space 42496K, 28% used [0x00000000c2200000,0x00000000c2dbabd0,0x00000000c4b80000)
 Metaspace       used 17866K, capacity 18092K, committed 18432K, reserved 1064960K
  class space    used 2105K, capacity 2194K, committed 2304K, reserved 1048576K
Event: 76.086 GC heap after
Heap after GC invocations=17 (full 0):
 PSYoungGen      total 87552K, used 4187K [0x00000000eb600000, 0x00000000f3100000, 0x0000000100000000)
  eden space 81920K, 0% used [0x00000000eb600000,0x00000000eb600000,0x00000000f0600000)
  from space 5632K, 74% used [0x00000000f0600000,0x00000000f0a16da0,0x00000000f0b80000)
  to   space 5632K, 0% used [0x00000000f2b80000,0x00000000f2b80000,0x00000000f3100000)
 ParOldGen       total 42496K, used 12170K [0x00000000c2200000, 0x00000000c4b80000, 0x00000000eb600000)
  object space 42496K, 28% used [0x00000000c2200000,0x00000000c2de2bd0,0x00000000c4b80000)
 Metaspace       used 17866K, capacity 18092K, committed 18432K, reserved 1064960K
  class space    used 2105K, capacity 2194K, committed 2304K, reserved 1048576K
}
Event: 78.020 GC heap before
{Heap before GC invocations=18 (full 0):
 PSYoungGen      total 87552K, used 86107K [0x00000000eb600000, 0x00000000f3100000, 0x0000000100000000)
  eden space 81920K, 100% used [0x00000000eb600000,0x00000000f0600000,0x00000000f0600000)
  from space 5632K, 74% used [0x00000000f0600000,0x00000000f0a16da0,0x00000000f0b80000)
  to   space 5632K, 0% used [0x00000000f2b80000,0x00000000f2b80000,0x00000000f3100000)
 ParOldGen       total 42496K, used 12170K [0x00000000c2200000, 0x00000000c4b80000, 0x00000000eb600000)
  object space 42496K, 28% used [0x00000000c2200000,0x00000000c2de2bd0,0x00000000c4b80000)
 Metaspace       used 17895K, capacity 18092K, committed 18432K, reserved 1064960K
  class space    used 2105K, capacity 2194K, committed 2304K, reserved 1048576K
Event: 78.045 GC heap after
Heap after GC invocations=18 (full 0):
 PSYoungGen      total 120320K, used 4037K [0x00000000eb600000, 0x00000000f3100000, 0x0000000100000000)
  eden space 114688K, 0% used [0x00000000eb600000,0x00000000eb600000,0x00000000f2600000)
  from space 5632K, 71% used [0x00000000f2b80000,0x00000000f2f717d8,0x00000000f3100000)
  to   space 5632K, 0% used [0x00000000f2600000,0x00000000f2600000,0x00000000f2b80000)
 ParOldGen       total 42496K, used 12338K [0x00000000c2200000, 0x00000000c4b80000, 0x00000000eb600000)
  object space 42496K, 29% used [0x00000000c2200000,0x00000000c2e0cbd0,0x00000000c4b80000)
 Metaspace       used 17895K, capacity 18092K, committed 18432K, reserved 1064960K
  class space    used 2105K, capacity 2194K, committed 2304K, reserved 1048576K
}

