# JRE version: Java(TM) SE Runtime Environment (8.0_121-b13) (build 1.8.0_121-b13)
# Java VM: Java HotSpot(TM) 64-Bit Server VM (25.121-b13 mixed mode windows-amd64 compressed oops)
Heap:
 PSYoungGen      total 311808K, used 185061K [0x00000000eb600000, 0x00000000fff00000, 0x0000000100000000)
  eden space 297984K, 57% used [0x00000000eb600000,0x00000000f5d798c0,0x00000000fd900000)
  from space 13824K, 98% used [0x00000000fd900000,0x00000000fe63feb0,0x00000000fe680000)
  to   space 19456K, 0% used [0x00000000fec00000,0x00000000fec00000,0x00000000fff00000)
 ParOldGen       total 68608K, used 45306K [0x00000000c2200000, 0x00000000c6500000, 0x00000000eb600000)
  object space 68608K, 66% used [0x00000000c2200000,0x00000000c4e3e9d8,0x00000000c6500000)
 Metaspace       used 18139K, capacity 18354K, committed 18560K, reserved 1064960K
  class space    used 2091K, capacity 2158K, committed 2176K, reserved 1048576K
GC Heap History (10 events):
Event: 240.167 GC heap before
{Heap before GC invocations=47 (full 2):
 PSYoungGen      total 316416K, used 311054K [0x00000000eb600000, 0x00000000fff00000, 0x0000000100000000)
  eden space 295936K, 100% used [0x00000000eb600000,0x00000000fd700000,0x00000000fd700000)
  from space 20480K, 73% used [0x00000000feb00000,0x00000000ff9c3a70,0x00000000fff00000)
  to   space 20480K, 0% used [0x00000000fd700000,0x00000000fd700000,0x00000000feb00000)
 ParOldGen       total 68608K, used 39662K [0x00000000c2200000, 0x00000000c6500000, 0x00000000eb600000)
  object space 68608K, 57% used [0x00000000c2200000,0x00000000c48bb958,0x00000000c6500000)
 Metaspace       used 18101K, capacity 18290K, committed 18560K, reserved 1064960K
  class space    used 2087K, capacity 2158K, committed 2176K, reserved 1048576K
Event: 240.261 GC heap after
Heap after GC invocations=47 (full 2):
 PSYoungGen      total 316416K, used 15005K [0x00000000eb600000, 0x00000000fff00000, 0x0000000100000000)
  eden space 295936K, 0% used [0x00000000eb600000,0x00000000eb600000,0x00000000fd700000)
  from space 20480K, 73% used [0x00000000fd700000,0x00000000fe5a77a8,0x00000000feb00000)
  to   space 19968K, 0% used [0x00000000feb80000,0x00000000feb80000,0x00000000fff00000)
 ParOldGen       total 68608K, used 40659K [0x00000000c2200000, 0x00000000c6500000, 0x00000000eb600000)
  object space 68608K, 59% used [0x00000000c2200000,0x00000000c49b4ff0,0x00000000c6500000)
 Metaspace       used 18101K, capacity 18290K, committed 18560K, reserved 1064960K
  class space    used 2087K, capacity 2158K, committed 2176K, reserved 1048576K
}
Event: 249.811 GC heap before
{Heap before GC invocations=48 (full 2):
 PSYoungGen      total 316416K, used 310941K [0x00000000eb600000, 0x00000000fff00000, 0x0000000100000000)
  eden space 295936K, 100% used [0x00000000eb600000,0x00000000fd700000,0x00000000fd700000)
  from space 20480K, 73% used [0x00000000fd700000,0x00000000fe5a77a8,0x00000000feb00000)
  to   space 19968K, 0% used [0x00000000feb80000,0x00000000feb80000,0x00000000fff00000)
 ParOldGen       total 68608K, used 40659K [0x00000000c2200000, 0x00000000c6500000, 0x00000000eb600000)
  object space 68608K, 59% used [0x00000000c2200000,0x00000000c49b4ff0,0x00000000c6500000)
 Metaspace       used 18101K, capacity 18290K, committed 18560K, reserved 1064960K
  class space    used 2087K, capacity 2158K, committed 2176K, reserved 1048576K
Event: 249.901 GC heap after
Heap after GC invocations=48 (full 2):
 PSYoungGen      total 316928K, used 15157K [0x00000000eb600000, 0x00000000ffe80000, 0x0000000100000000)
  eden space 297472K, 0% used [0x00000000eb600000,0x00000000eb600000,0x00000000fd880000)
  from space 19456K, 77% used [0x00000000feb80000,0x00000000ffa4d588,0x00000000ffe80000)
  to   space 19456K, 0% used [0x00000000fd880000,0x00000000fd880000,0x00000000feb80000)
 ParOldGen       total 68608K, used 41935K [0x00000000c2200000, 0x00000000c6500000, 0x00000000eb600000)
  object space 68608K, 61% used [0x00000000c2200000,0x00000000c4af3e50,0x00000000c6500000)
 Metaspace       used 18101K, capacity 18290K, committed 18560K, reserved 1064960K
  class space    used 2087K, capacity 2158K, committed 2176K, reserved 1048576K
}
Event: 261.432 GC heap before
{Heap before GC invocations=49 (full 2):
 PSYoungGen      total 316928K, used 312629K [0x00000000eb600000, 0x00000000ffe80000, 0x0000000100000000)
  eden space 297472K, 100% used [0x00000000eb600000,0x00000000fd880000,0x00000000fd880000)
  from space 19456K, 77% used [0x00000000feb80000,0x00000000ffa4d588,0x00000000ffe80000)
  to   space 19456K, 0% used [0x00000000fd880000,0x00000000fd880000,0x00000000feb80000)
 ParOldGen       total 68608K, used 41935K [0x00000000c2200000, 0x00000000c6500000, 0x00000000eb600000)
  object space 68608K, 61% used [0x00000000c2200000,0x00000000c4af3e50,0x00000000c6500000)
 Metaspace       used 18101K, capacity 18290K, committed 18560K, reserved 1064960K
  class space    used 2087K, capacity 2158K, committed 2176K, reserved 1048576K
Event: 261.550 GC heap after
Heap after GC invocations=49 (full 2):
 PSYoungGen      total 316928K, used 17549K [0x00000000eb600000, 0x0000000100000000, 0x0000000100000000)
  eden space 297472K, 0% used [0x00000000eb600000,0x00000000eb600000,0x00000000fd880000)
  from space 19456K, 90% used [0x00000000fd880000,0x00000000fe9a3460,0x00000000feb80000)
  to   space 19968K, 0% used [0x00000000fec80000,0x00000000fec80000,0x0000000100000000)
 ParOldGen       total 68608K, used 42943K [0x00000000c2200000, 0x00000000c6500000, 0x00000000eb600000)
  object space 68608K, 62% used [0x00000000c2200000,0x00000000c4befe50,0x00000000c6500000)
 Metaspace       used 18101K, capacity 18290K, committed 18560K, reserved 1064960K
  class space    used 2087K, capacity 2158K, committed 2176K, reserved 1048576K
}
Event: 273.803 GC heap before
{Heap before GC invocations=50 (full 2):
 PSYoungGen      total 316928K, used 314723K [0x00000000eb600000, 0x0000000100000000, 0x0000000100000000)
  eden space 297472K, 99% used [0x00000000eb600000,0x00000000fd835b20,0x00000000fd880000)
  from space 19456K, 90% used [0x00000000fd880000,0x00000000fe9a3460,0x00000000feb80000)
  to   space 19968K, 0% used [0x00000000fec80000,0x00000000fec80000,0x0000000100000000)
 ParOldGen       total 68608K, used 42943K [0x00000000c2200000, 0x00000000c6500000, 0x00000000eb600000)
  object space 68608K, 62% used [0x00000000c2200000,0x00000000c4befe50,0x00000000c6500000)
 Metaspace       used 18101K, capacity 18290K, committed 18560K, reserved 1064960K
  class space    used 2087K, capacity 2158K, committed 2176K, reserved 1048576K
Event: 273.892 GC heap after
Heap after GC invocations=50 (full 2):
 PSYoungGen      total 317952K, used 14076K [0x00000000eb600000, 0x0000000100000000, 0x0000000100000000)
  eden space 297984K, 0% used [0x00000000eb600000,0x00000000eb600000,0x00000000fd900000)
  from space 19968K, 70% used [0x00000000fec80000,0x00000000ffa3f2c0,0x0000000100000000)
  to   space 19968K, 0% used [0x00000000fd900000,0x00000000fd900000,0x00000000fec80000)
 ParOldGen       total 68608K, used 43967K [0x00000000c2200000, 0x00000000c6500000, 0x00000000eb600000)
  object space 68608K, 64% used [0x00000000c2200000,0x00000000c4cefe50,0x00000000c6500000)
 Metaspace       used 18101K, capacity 18290K, committed 18560K, reserved 1064960K
  class space    used 2087K, capacity 2158K, committed 2176K, reserved 1048576K
}
Event: 288.081 GC heap before
{Heap before GC invocations=51 (full 2):
 PSYoungGen      total 317952K, used 312060K [0x00000000eb600000, 0x0000000100000000, 0x0000000100000000)
  eden space 297984K, 100% used [0x00000000eb600000,0x00000000fd900000,0x00000000fd900000)
  from space 19968K, 70% used [0x00000000fec80000,0x00000000ffa3f2c0,0x0000000100000000)
  to   space 19968K, 0% used [0x00000000fd900000,0x00000000fd900000,0x00000000fec80000)
 ParOldGen       total 68608K, used 43980K [0x00000000c2200000, 0x00000000c6500000, 0x00000000eb600000)
  object space 68608K, 64% used [0x00000000c2200000,0x00000000c4cf3288,0x00000000c6500000)
 Metaspace       used 18101K, capacity 18290K, committed 18560K, reserved 1064960K
  class space    used 2087K, capacity 2158K, committed 2176K, reserved 1048576K
Event: 288.164 GC heap after
Heap after GC invocations=51 (full 2):
 PSYoungGen      total 311808K, used 13567K [0x00000000eb600000, 0x00000000fff00000, 0x0000000100000000)
  eden space 297984K, 0% used [0x00000000eb600000,0x00000000eb600000,0x00000000fd900000)
  from space 13824K, 98% used [0x00000000fd900000,0x00000000fe63feb0,0x00000000fe680000)
  to   space 19456K, 0% used [0x00000000fec00000,0x00000000fec00000,0x00000000fff00000)
 ParOldGen       total 68608K, used 45306K [0x00000000c2200000, 0x00000000c6500000, 0x00000000eb600000)
  object space 68608K, 66% used [0x00000000c2200000,0x00000000c4e3e9d8,0x00000000c6500000)
 Metaspace       used 18101K, capacity 18290K, committed 18560K, reserved 1064960K
  class space    used 2087K, capacity 2158K, committed 2176K, reserved 1048576K
}

