# JRE version: Java(TM) SE Runtime Environment (8.0_121-b13) (build 1.8.0_121-b13)
# Java VM: Java HotSpot(TM) 64-Bit Server VM (25.121-b13 mixed mode windows-amd64 compressed oops)
Heap:
 PSYoungGen      total 317952K, used 174484K [0x00000000eb600000, 0x0000000100000000, 0x0000000100000000)
  eden space 306176K, 53% used [0x00000000eb600000,0x00000000f54eb8a0,0x00000000fe100000)
  from space 11776K, 99% used [0x00000000fe100000,0x00000000fec79998,0x00000000fec80000)
  to   space 16384K, 0% used [0x00000000ff000000,0x00000000ff000000,0x0000000100000000)
 ParOldGen       total 42496K, used 21898K [0x00000000c2200000, 0x00000000c4b80000, 0x00000000eb600000)
  object space 42496K, 51% used [0x00000000c2200000,0x00000000c3762840,0x00000000c4b80000)
 Metaspace       used 16576K, capacity 16784K, committed 17024K, reserved 1064960K
  class space    used 1958K, capacity 2060K, committed 2176K, reserved 1048576K
GC Heap History (10 events):
Event: 83.727 GC heap before
{Heap before GC invocations=15 (full 0):
 PSYoungGen      total 269312K, used 267051K [0x00000000eb600000, 0x00000000fc780000, 0x0000000100000000)
  eden space 260096K, 100% used [0x00000000eb600000,0x00000000fb400000,0x00000000fb400000)
  from space 9216K, 75% used [0x00000000fbd80000,0x00000000fc44ae98,0x00000000fc680000)
  to   space 9728K, 0% used [0x00000000fb400000,0x00000000fb400000,0x00000000fbd80000)
 ParOldGen       total 42496K, used 17111K [0x00000000c2200000, 0x00000000c4b80000, 0x00000000eb600000)
  object space 42496K, 40% used [0x00000000c2200000,0x00000000c32b5ee8,0x00000000c4b80000)
 Metaspace       used 15997K, capacity 16144K, committed 16384K, reserved 1062912K
  class space    used 1873K, capacity 1932K, committed 2048K, reserved 1048576K
Event: 83.794 GC heap after
Heap after GC invocations=15 (full 0):
 PSYoungGen      total 269824K, used 9616K [0x00000000eb600000, 0x0000000100000000, 0x0000000100000000)
  eden space 260096K, 0% used [0x00000000eb600000,0x00000000eb600000,0x00000000fb400000)
  from space 9728K, 98% used [0x00000000fb400000,0x00000000fbd642e8,0x00000000fbd80000)
  to   space 10752K, 0% used [0x00000000ff580000,0x00000000ff580000,0x0000000100000000)
 ParOldGen       total 42496K, used 17449K [0x00000000c2200000, 0x00000000c4b80000, 0x00000000eb600000)
  object space 42496K, 41% used [0x00000000c2200000,0x00000000c330a6e8,0x00000000c4b80000)
 Metaspace       used 15997K, capacity 16144K, committed 16384K, reserved 1062912K
  class space    used 1873K, capacity 1932K, committed 2048K, reserved 1048576K
}
Event: 86.196 GC heap before
{Heap before GC invocations=16 (full 0):
 PSYoungGen      total 269824K, used 269712K [0x00000000eb600000, 0x0000000100000000, 0x0000000100000000)
  eden space 260096K, 100% used [0x00000000eb600000,0x00000000fb400000,0x00000000fb400000)
  from space 9728K, 98% used [0x00000000fb400000,0x00000000fbd642e8,0x00000000fbd80000)
  to   space 10752K, 0% used [0x00000000ff580000,0x00000000ff580000,0x0000000100000000)
 ParOldGen       total 42496K, used 17449K [0x00000000c2200000, 0x00000000c4b80000, 0x00000000eb600000)
  object space 42496K, 41% used [0x00000000c2200000,0x00000000c330a6e8,0x00000000c4b80000)
 Metaspace       used 16001K, capacity 16144K, committed 16384K, reserved 1062912K
  class space    used 1874K, capacity 1932K, committed 2048K, reserved 1048576K
Event: 86.264 GC heap after
Heap after GC invocations=16 (full 0):
 PSYoungGen      total 324096K, used 10319K [0x00000000eb600000, 0x0000000100000000, 0x0000000100000000)
  eden space 313344K, 0% used [0x00000000eb600000,0x00000000eb600000,0x00000000fe800000)
  from space 10752K, 95% used [0x00000000ff580000,0x00000000fff93d08,0x0000000100000000)
  to   space 12288K, 0% used [0x00000000fe800000,0x00000000fe800000,0x00000000ff400000)
 ParOldGen       total 42496K, used 17953K [0x00000000c2200000, 0x00000000c4b80000, 0x00000000eb600000)
  object space 42496K, 42% used [0x00000000c2200000,0x00000000c33886e8,0x00000000c4b80000)
 Metaspace       used 16001K, capacity 16144K, committed 16384K, reserved 1062912K
  class space    used 1874K, capacity 1932K, committed 2048K, reserved 1048576K
}
Event: 89.199 GC heap before
{Heap before GC invocations=17 (full 0):
 PSYoungGen      total 324096K, used 323663K [0x00000000eb600000, 0x0000000100000000, 0x0000000100000000)
  eden space 313344K, 100% used [0x00000000eb600000,0x00000000fe800000,0x00000000fe800000)
  from space 10752K, 95% used [0x00000000ff580000,0x00000000fff93d08,0x0000000100000000)
  to   space 12288K, 0% used [0x00000000fe800000,0x00000000fe800000,0x00000000ff400000)
 ParOldGen       total 42496K, used 17953K [0x00000000c2200000, 0x00000000c4b80000, 0x00000000eb600000)
  object space 42496K, 42% used [0x00000000c2200000,0x00000000c33886e8,0x00000000c4b80000)
 Metaspace       used 16020K, capacity 16208K, committed 16640K, reserved 1064960K
  class space    used 1874K, capacity 1932K, committed 2048K, reserved 1048576K
Event: 89.289 GC heap after
Heap after GC invocations=17 (full 0):
 PSYoungGen      total 325632K, used 11825K [0x00000000eb600000, 0x0000000100000000, 0x0000000100000000)
  eden space 313344K, 0% used [0x00000000eb600000,0x00000000eb600000,0x00000000fe800000)
  from space 12288K, 96% used [0x00000000fe800000,0x00000000ff38c690,0x00000000ff400000)
  to   space 12288K, 0% used [0x00000000ff400000,0x00000000ff400000,0x0000000100000000)
 ParOldGen       total 42496K, used 18489K [0x00000000c2200000, 0x00000000c4b80000, 0x00000000eb600000)
  object space 42496K, 43% used [0x00000000c2200000,0x00000000c340e6e8,0x00000000c4b80000)
 Metaspace       used 16020K, capacity 16208K, committed 16640K, reserved 1064960K
  class space    used 1874K, capacity 1932K, committed 2048K, reserved 1048576K
}
Event: 92.165 GC heap before
{Heap before GC invocations=18 (full 0):
 PSYoungGen      total 325632K, used 325169K [0x00000000eb600000, 0x0000000100000000, 0x0000000100000000)
  eden space 313344K, 100% used [0x00000000eb600000,0x00000000fe800000,0x00000000fe800000)
  from space 12288K, 96% used [0x00000000fe800000,0x00000000ff38c690,0x00000000ff400000)
  to   space 12288K, 0% used [0x00000000ff400000,0x00000000ff400000,0x0000000100000000)
 ParOldGen       total 42496K, used 18491K [0x00000000c2200000, 0x00000000c4b80000, 0x00000000eb600000)
  object space 42496K, 43% used [0x00000000c2200000,0x00000000c340ecf0,0x00000000c4b80000)
 Metaspace       used 16125K, capacity 16368K, committed 16640K, reserved 1064960K
  class space    used 1888K, capacity 1964K, committed 2048K, reserved 1048576K
Event: 92.242 GC heap after
Heap after GC invocations=18 (full 0):
 PSYoungGen      total 318464K, used 12262K [0x00000000eb600000, 0x0000000100000000, 0x0000000100000000)
  eden space 306176K, 0% used [0x00000000eb600000,0x00000000eb600000,0x00000000fe100000)
  from space 12288K, 99% used [0x00000000ff400000,0x00000000ffff99e0,0x0000000100000000)
  to   space 15872K, 0% used [0x00000000fe100000,0x00000000fe100000,0x00000000ff080000)
 ParOldGen       total 42496K, used 20722K [0x00000000c2200000, 0x00000000c4b80000, 0x00000000eb600000)
  object space 42496K, 48% used [0x00000000c2200000,0x00000000c363cbb8,0x00000000c4b80000)
 Metaspace       used 16125K, capacity 16368K, committed 16640K, reserved 1064960K
  class space    used 1888K, capacity 1964K, committed 2048K, reserved 1048576K
}
Event: 94.501 GC heap before
{Heap before GC invocations=19 (full 0):
 PSYoungGen      total 318464K, used 318438K [0x00000000eb600000, 0x0000000100000000, 0x0000000100000000)
  eden space 306176K, 100% used [0x00000000eb600000,0x00000000fe100000,0x00000000fe100000)
  from space 12288K, 99% used [0x00000000ff400000,0x00000000ffff99e0,0x0000000100000000)
  to   space 15872K, 0% used [0x00000000fe100000,0x00000000fe100000,0x00000000ff080000)
 ParOldGen       total 42496K, used 20724K [0x00000000c2200000, 0x00000000c4b80000, 0x00000000eb600000)
  object space 42496K, 48% used [0x00000000c2200000,0x00000000c363d188,0x00000000c4b80000)
 Metaspace       used 16126K, capacity 16368K, committed 16640K, reserved 1064960K
  class space    used 1888K, capacity 1964K, committed 2048K, reserved 1048576K
Event: 94.584 GC heap after
Heap after GC invocations=19 (full 0):
 PSYoungGen      total 317952K, used 11750K [0x00000000eb600000, 0x0000000100000000, 0x0000000100000000)
  eden space 306176K, 0% used [0x00000000eb600000,0x00000000eb600000,0x00000000fe100000)
  from space 11776K, 99% used [0x00000000fe100000,0x00000000fec79998,0x00000000fec80000)
  to   space 16384K, 0% used [0x00000000ff000000,0x00000000ff000000,0x0000000100000000)
 ParOldGen       total 42496K, used 21898K [0x00000000c2200000, 0x00000000c4b80000, 0x00000000eb600000)
  object space 42496K, 51% used [0x00000000c2200000,0x00000000c3762840,0x00000000c4b80000)
 Metaspace       used 16126K, capacity 16368K, committed 16640K, reserved 1064960K
  class space    used 1888K, capacity 1964K, committed 2048K, reserved 1048576K
}

