# JRE version: Java(TM) SE Runtime Environment (8.0_121-b13) (build 1.8.0_121-b13)
# Java VM: Java HotSpot(TM) 64-Bit Server VM (25.121-b13 mixed mode windows-amd64 compressed oops)
Heap:
 PSYoungGen      total 312320K, used 251939K [0x00000000eb600000, 0x00000000fff00000, 0x0000000100000000)
  eden space 287744K, 81% used [0x00000000eb600000,0x00000000f99d6330,0x00000000fcf00000)
  from space 24576K, 75% used [0x00000000fe700000,0x00000000ff932908,0x00000000fff00000)
  to   space 24576K, 0% used [0x00000000fcf00000,0x00000000fcf00000,0x00000000fe700000)
 ParOldGen       total 72704K, used 44710K [0x00000000c2200000, 0x00000000c6900000, 0x00000000eb600000)
  object space 72704K, 61% used [0x00000000c2200000,0x00000000c4da9a28,0x00000000c6900000)
 Metaspace       used 17860K, capacity 18032K, committed 18304K, reserved 1064960K
  class space    used 2083K, capacity 2156K, committed 2176K, reserved 1048576K
GC Heap History (10 events):
Event: 522.249 GC heap before
{Heap before GC invocations=190 (full 6):
 PSYoungGen      total 312832K, used 303230K [0x00000000eb600000, 0x0000000100000000, 0x0000000100000000)
  eden space 287744K, 100% used [0x00000000eb600000,0x00000000fcf00000,0x00000000fcf00000)
  from space 25088K, 61% used [0x00000000fcf00000,0x00000000fde1faf0,0x00000000fe780000)
  to   space 25088K, 0% used [0x00000000fe780000,0x00000000fe780000,0x0000000100000000)
 ParOldGen       total 72704K, used 40797K [0x00000000c2200000, 0x00000000c6900000, 0x00000000eb600000)
  object space 72704K, 56% used [0x00000000c2200000,0x00000000c49d7778,0x00000000c6900000)
 Metaspace       used 17833K, capacity 18032K, committed 18304K, reserved 1064960K
  class space    used 2079K, capacity 2156K, committed 2176K, reserved 1048576K
Event: 522.329 GC heap after
Heap after GC invocations=190 (full 6):
 PSYoungGen      total 312832K, used 14762K [0x00000000eb600000, 0x0000000100000000, 0x0000000100000000)
  eden space 287744K, 0% used [0x00000000eb600000,0x00000000eb600000,0x00000000fcf00000)
  from space 25088K, 58% used [0x00000000fe780000,0x00000000ff5eab90,0x0000000100000000)
  to   space 25088K, 0% used [0x00000000fcf00000,0x00000000fcf00000,0x00000000fe780000)
 ParOldGen       total 72704K, used 41493K [0x00000000c2200000, 0x00000000c6900000, 0x00000000eb600000)
  object space 72704K, 57% used [0x00000000c2200000,0x00000000c4a85778,0x00000000c6900000)
 Metaspace       used 17833K, capacity 18032K, committed 18304K, reserved 1064960K
  class space    used 2079K, capacity 2156K, committed 2176K, reserved 1048576K
}
Event: 524.334 GC heap before
{Heap before GC invocations=191 (full 6):
 PSYoungGen      total 312832K, used 302506K [0x00000000eb600000, 0x0000000100000000, 0x0000000100000000)
  eden space 287744K, 100% used [0x00000000eb600000,0x00000000fcf00000,0x00000000fcf00000)
  from space 25088K, 58% used [0x00000000fe780000,0x00000000ff5eab90,0x0000000100000000)
  to   space 25088K, 0% used [0x00000000fcf00000,0x00000000fcf00000,0x00000000fe780000)
 ParOldGen       total 72704K, used 41553K [0x00000000c2200000, 0x00000000c6900000, 0x00000000eb600000)
  object space 72704K, 57% used [0x00000000c2200000,0x00000000c4a94790,0x00000000c6900000)
 Metaspace       used 17833K, capacity 18032K, committed 18304K, reserved 1064960K
  class space    used 2079K, capacity 2156K, committed 2176K, reserved 1048576K
Event: 524.442 GC heap after
Heap after GC invocations=191 (full 6):
 PSYoungGen      total 309248K, used 21293K [0x00000000eb600000, 0x0000000100000000, 0x0000000100000000)
  eden space 287744K, 0% used [0x00000000eb600000,0x00000000eb600000,0x00000000fcf00000)
  from space 21504K, 99% used [0x00000000fcf00000,0x00000000fe3cb438,0x00000000fe400000)
  to   space 25600K, 0% used [0x00000000fe700000,0x00000000fe700000,0x0000000100000000)
 ParOldGen       total 72704K, used 42561K [0x00000000c2200000, 0x00000000c6900000, 0x00000000eb600000)
  object space 72704K, 58% used [0x00000000c2200000,0x00000000c4b90790,0x00000000c6900000)
 Metaspace       used 17833K, capacity 18032K, committed 18304K, reserved 1064960K
  class space    used 2079K, capacity 2156K, committed 2176K, reserved 1048576K
}
Event: 526.449 GC heap before
{Heap before GC invocations=192 (full 6):
 PSYoungGen      total 309248K, used 309037K [0x00000000eb600000, 0x0000000100000000, 0x0000000100000000)
  eden space 287744K, 100% used [0x00000000eb600000,0x00000000fcf00000,0x00000000fcf00000)
  from space 21504K, 99% used [0x00000000fcf00000,0x00000000fe3cb438,0x00000000fe400000)
  to   space 25600K, 0% used [0x00000000fe700000,0x00000000fe700000,0x0000000100000000)
 ParOldGen       total 72704K, used 42566K [0x00000000c2200000, 0x00000000c6900000, 0x00000000eb600000)
  object space 72704K, 58% used [0x00000000c2200000,0x00000000c4b91a08,0x00000000c6900000)
 Metaspace       used 17833K, capacity 18032K, committed 18304K, reserved 1064960K
  class space    used 2079K, capacity 2156K, committed 2176K, reserved 1048576K
Event: 526.546 GC heap after
Heap after GC invocations=192 (full 6):
 PSYoungGen      total 312832K, used 18911K [0x00000000eb600000, 0x0000000100000000, 0x0000000100000000)
  eden space 287232K, 0% used [0x00000000eb600000,0x00000000eb600000,0x00000000fce80000)
  from space 25600K, 73% used [0x00000000fe700000,0x00000000ff977c80,0x0000000100000000)
  to   space 25088K, 0% used [0x00000000fce80000,0x00000000fce80000,0x00000000fe700000)
 ParOldGen       total 72704K, used 43278K [0x00000000c2200000, 0x00000000c6900000, 0x00000000eb600000)
  object space 72704K, 59% used [0x00000000c2200000,0x00000000c4c43a18,0x00000000c6900000)
 Metaspace       used 17833K, capacity 18032K, committed 18304K, reserved 1064960K
  class space    used 2079K, capacity 2156K, committed 2176K, reserved 1048576K
}
Event: 528.604 GC heap before
{Heap before GC invocations=193 (full 6):
 PSYoungGen      total 312832K, used 306143K [0x00000000eb600000, 0x0000000100000000, 0x0000000100000000)
  eden space 287232K, 100% used [0x00000000eb600000,0x00000000fce80000,0x00000000fce80000)
  from space 25600K, 73% used [0x00000000fe700000,0x00000000ff977c80,0x0000000100000000)
  to   space 25088K, 0% used [0x00000000fce80000,0x00000000fce80000,0x00000000fe700000)
 ParOldGen       total 72704K, used 43278K [0x00000000c2200000, 0x00000000c6900000, 0x00000000eb600000)
  object space 72704K, 59% used [0x00000000c2200000,0x00000000c4c43a18,0x00000000c6900000)
 Metaspace       used 17833K, capacity 18032K, committed 18304K, reserved 1064960K
  class space    used 2079K, capacity 2156K, committed 2176K, reserved 1048576K
Event: 528.683 GC heap after
Heap after GC invocations=193 (full 6):
 PSYoungGen      total 312320K, used 14908K [0x00000000eb600000, 0x00000000fff80000, 0x0000000100000000)
  eden space 287232K, 0% used [0x00000000eb600000,0x00000000eb600000,0x00000000fce80000)
  from space 25088K, 59% used [0x00000000fce80000,0x00000000fdd0f158,0x00000000fe700000)
  to   space 25088K, 0% used [0x00000000fe700000,0x00000000fe700000,0x00000000fff80000)
 ParOldGen       total 72704K, used 43998K [0x00000000c2200000, 0x00000000c6900000, 0x00000000eb600000)
  object space 72704K, 60% used [0x00000000c2200000,0x00000000c4cf7a28,0x00000000c6900000)
 Metaspace       used 17833K, capacity 18032K, committed 18304K, reserved 1064960K
  class space    used 2079K, capacity 2156K, committed 2176K, reserved 1048576K
}
Event: 530.674 GC heap before
{Heap before GC invocations=194 (full 6):
 PSYoungGen      total 312320K, used 302140K [0x00000000eb600000, 0x00000000fff80000, 0x0000000100000000)
  eden space 287232K, 100% used [0x00000000eb600000,0x00000000fce80000,0x00000000fce80000)
  from space 25088K, 59% used [0x00000000fce80000,0x00000000fdd0f158,0x00000000fe700000)
  to   space 25088K, 0% used [0x00000000fe700000,0x00000000fe700000,0x00000000fff80000)
 ParOldGen       total 72704K, used 43998K [0x00000000c2200000, 0x00000000c6900000, 0x00000000eb600000)
  object space 72704K, 60% used [0x00000000c2200000,0x00000000c4cf7a28,0x00000000c6900000)
 Metaspace       used 17833K, capacity 18032K, committed 18304K, reserved 1064960K
  class space    used 2079K, capacity 2156K, committed 2176K, reserved 1048576K
Event: 530.774 GC heap after
Heap after GC invocations=194 (full 6):
 PSYoungGen      total 312320K, used 18634K [0x00000000eb600000, 0x00000000fff00000, 0x0000000100000000)
  eden space 287744K, 0% used [0x00000000eb600000,0x00000000eb600000,0x00000000fcf00000)
  from space 24576K, 75% used [0x00000000fe700000,0x00000000ff932908,0x00000000fff00000)
  to   space 24576K, 0% used [0x00000000fcf00000,0x00000000fcf00000,0x00000000fe700000)
 ParOldGen       total 72704K, used 44710K [0x00000000c2200000, 0x00000000c6900000, 0x00000000eb600000)
  object space 72704K, 61% used [0x00000000c2200000,0x00000000c4da9a28,0x00000000c6900000)
 Metaspace       used 17833K, capacity 18032K, committed 18304K, reserved 1064960K
  class space    used 2079K, capacity 2156K, committed 2176K, reserved 1048576K
}

