# JRE version: Java(TM) SE Runtime Environment (8.0_121-b13) (build 1.8.0_121-b13)
# Java VM: Java HotSpot(TM) 64-Bit Server VM (25.121-b13 mixed mode windows-amd64 compressed oops)
Heap:
 PSYoungGen      total 26624K, used 19115K [0x00000000eb600000, 0x00000000ed380000, 0x0000000100000000)
  eden space 24064K, 72% used [0x00000000eb600000,0x00000000ec714f38,0x00000000ecd80000)
  from space 2560K, 63% used [0x00000000ed100000,0x00000000ed295f08,0x00000000ed380000)
  to   space 3072K, 0% used [0x00000000ecd80000,0x00000000ecd80000,0x00000000ed080000)
 ParOldGen       total 35328K, used 16635K [0x00000000c2200000, 0x00000000c4480000, 0x00000000eb600000)
  object space 35328K, 47% used [0x00000000c2200000,0x00000000c323ef38,0x00000000c4480000)
 Metaspace       used 17496K, capacity 17700K, committed 18048K, reserved 1064960K
  class space    used 2079K, capacity 2154K, committed 2176K, reserved 1048576K
GC Heap History (10 events):
Event: 205.426 GC heap before
{Heap before GC invocations=67 (full 1):
 PSYoungGen      total 24576K, used 635K [0x00000000eb600000, 0x00000000ed180000, 0x0000000100000000)
  eden space 20992K, 0% used [0x00000000eb600000,0x00000000eb600000,0x00000000eca80000)
  from space 3584K, 17% used [0x00000000ece00000,0x00000000ece9ee20,0x00000000ed180000)
  to   space 3584K, 0% used [0x00000000eca80000,0x00000000eca80000,0x00000000ece00000)
 ParOldGen       total 42496K, used 41387K [0x00000000c2200000, 0x00000000c4b80000, 0x00000000eb600000)
  object space 42496K, 97% used [0x00000000c2200000,0x00000000c4a6af20,0x00000000c4b80000)
 Metaspace       used 17471K, capacity 17700K, committed 18048K, reserved 1064960K
  class space    used 2075K, capacity 2154K, committed 2176K, reserved 1048576K
Event: 205.794 GC heap after
Heap after GC invocations=67 (full 1):
 PSYoungGen      total 24576K, used 0K [0x00000000eb600000, 0x00000000ed180000, 0x0000000100000000)
  eden space 20992K, 0% used [0x00000000eb600000,0x00000000eb600000,0x00000000eca80000)
  from space 3584K, 0% used [0x00000000ece00000,0x00000000ece00000,0x00000000ed180000)
  to   space 3584K, 0% used [0x00000000eca80000,0x00000000eca80000,0x00000000ece00000)
 ParOldGen       total 35328K, used 15685K [0x00000000c2200000, 0x00000000c4480000, 0x00000000eb600000)
  object space 35328K, 44% used [0x00000000c2200000,0x00000000c3151718,0x00000000c4480000)
 Metaspace       used 17471K, capacity 17700K, committed 18048K, reserved 1064960K
  class space    used 2075K, capacity 2154K, committed 2176K, reserved 1048576K
}
Event: 207.711 GC heap before
{Heap before GC invocations=68 (full 1):
 PSYoungGen      total 24576K, used 20957K [0x00000000eb600000, 0x00000000ed180000, 0x0000000100000000)
  eden space 20992K, 99% used [0x00000000eb600000,0x00000000eca77500,0x00000000eca80000)
  from space 3584K, 0% used [0x00000000ece00000,0x00000000ece00000,0x00000000ed180000)
  to   space 3584K, 0% used [0x00000000eca80000,0x00000000eca80000,0x00000000ece00000)
 ParOldGen       total 35328K, used 15685K [0x00000000c2200000, 0x00000000c4480000, 0x00000000eb600000)
  object space 35328K, 44% used [0x00000000c2200000,0x00000000c3151718,0x00000000c4480000)
 Metaspace       used 17471K, capacity 17700K, committed 18048K, reserved 1064960K
  class space    used 2075K, capacity 2154K, committed 2176K, reserved 1048576K
Event: 207.722 GC heap after
Heap after GC invocations=68 (full 1):
 PSYoungGen      total 24576K, used 1375K [0x00000000eb600000, 0x00000000ed580000, 0x0000000100000000)
  eden space 20992K, 0% used [0x00000000eb600000,0x00000000eb600000,0x00000000eca80000)
  from space 3584K, 38% used [0x00000000eca80000,0x00000000ecbd7f28,0x00000000ece00000)
  to   space 3584K, 0% used [0x00000000ed200000,0x00000000ed200000,0x00000000ed580000)
 ParOldGen       total 35328K, used 15685K [0x00000000c2200000, 0x00000000c4480000, 0x00000000eb600000)
  object space 35328K, 44% used [0x00000000c2200000,0x00000000c3151718,0x00000000c4480000)
 Metaspace       used 17471K, capacity 17700K, committed 18048K, reserved 1064960K
  class space    used 2075K, capacity 2154K, committed 2176K, reserved 1048576K
}
Event: 210.360 GC heap before
{Heap before GC invocations=69 (full 1):
 PSYoungGen      total 24576K, used 22367K [0x00000000eb600000, 0x00000000ed580000, 0x0000000100000000)
  eden space 20992K, 100% used [0x00000000eb600000,0x00000000eca80000,0x00000000eca80000)
  from space 3584K, 38% used [0x00000000eca80000,0x00000000ecbd7f28,0x00000000ece00000)
  to   space 3584K, 0% used [0x00000000ed200000,0x00000000ed200000,0x00000000ed580000)
 ParOldGen       total 35328K, used 15685K [0x00000000c2200000, 0x00000000c4480000, 0x00000000eb600000)
  object space 35328K, 44% used [0x00000000c2200000,0x00000000c3151718,0x00000000c4480000)
 Metaspace       used 17471K, capacity 17700K, committed 18048K, reserved 1064960K
  class space    used 2075K, capacity 2154K, committed 2176K, reserved 1048576K
Event: 210.379 GC heap after
Heap after GC invocations=69 (full 1):
 PSYoungGen      total 28672K, used 1120K [0x00000000eb600000, 0x00000000ed580000, 0x0000000100000000)
  eden space 25088K, 0% used [0x00000000eb600000,0x00000000eb600000,0x00000000ece80000)
  from space 3584K, 31% used [0x00000000ed200000,0x00000000ed318080,0x00000000ed580000)
  to   space 3584K, 0% used [0x00000000ece80000,0x00000000ece80000,0x00000000ed200000)
 ParOldGen       total 35328K, used 16140K [0x00000000c2200000, 0x00000000c4480000, 0x00000000eb600000)
  object space 35328K, 45% used [0x00000000c2200000,0x00000000c31c3348,0x00000000c4480000)
 Metaspace       used 17471K, capacity 17700K, committed 18048K, reserved 1064960K
  class space    used 2075K, capacity 2154K, committed 2176K, reserved 1048576K
}
Event: 214.408 GC heap before
{Heap before GC invocations=70 (full 1):
 PSYoungGen      total 28672K, used 26208K [0x00000000eb600000, 0x00000000ed580000, 0x0000000100000000)
  eden space 25088K, 100% used [0x00000000eb600000,0x00000000ece80000,0x00000000ece80000)
  from space 3584K, 31% used [0x00000000ed200000,0x00000000ed318080,0x00000000ed580000)
  to   space 3584K, 0% used [0x00000000ece80000,0x00000000ece80000,0x00000000ed200000)
 ParOldGen       total 35328K, used 16140K [0x00000000c2200000, 0x00000000c4480000, 0x00000000eb600000)
  object space 35328K, 45% used [0x00000000c2200000,0x00000000c31c3348,0x00000000c4480000)
 Metaspace       used 17471K, capacity 17700K, committed 18048K, reserved 1064960K
  class space    used 2075K, capacity 2154K, committed 2176K, reserved 1048576K
Event: 214.418 GC heap after
Heap after GC invocations=70 (full 1):
 PSYoungGen      total 26112K, used 1382K [0x00000000eb600000, 0x00000000ed400000, 0x0000000100000000)
  eden space 24576K, 0% used [0x00000000eb600000,0x00000000eb600000,0x00000000ece00000)
  from space 1536K, 90% used [0x00000000ece80000,0x00000000ecfd9be8,0x00000000ed000000)
  to   space 3072K, 0% used [0x00000000ed100000,0x00000000ed100000,0x00000000ed400000)
 ParOldGen       total 35328K, used 16356K [0x00000000c2200000, 0x00000000c4480000, 0x00000000eb600000)
  object space 35328K, 46% used [0x00000000c2200000,0x00000000c31f9348,0x00000000c4480000)
 Metaspace       used 17471K, capacity 17700K, committed 18048K, reserved 1064960K
  class space    used 2075K, capacity 2154K, committed 2176K, reserved 1048576K
}
Event: 217.737 GC heap before
{Heap before GC invocations=71 (full 1):
 PSYoungGen      total 26112K, used 25958K [0x00000000eb600000, 0x00000000ed400000, 0x0000000100000000)
  eden space 24576K, 100% used [0x00000000eb600000,0x00000000ece00000,0x00000000ece00000)
  from space 1536K, 90% used [0x00000000ece80000,0x00000000ecfd9be8,0x00000000ed000000)
  to   space 3072K, 0% used [0x00000000ed100000,0x00000000ed100000,0x00000000ed400000)
 ParOldGen       total 35328K, used 16356K [0x00000000c2200000, 0x00000000c4480000, 0x00000000eb600000)
  object space 35328K, 46% used [0x00000000c2200000,0x00000000c31f9348,0x00000000c4480000)
 Metaspace       used 17471K, capacity 17700K, committed 18048K, reserved 1064960K
  class space    used 2075K, capacity 2154K, committed 2176K, reserved 1048576K
Event: 217.747 GC heap after
Heap after GC invocations=71 (full 1):
 PSYoungGen      total 26624K, used 1623K [0x00000000eb600000, 0x00000000ed380000, 0x0000000100000000)
  eden space 24064K, 0% used [0x00000000eb600000,0x00000000eb600000,0x00000000ecd80000)
  from space 2560K, 63% used [0x00000000ed100000,0x00000000ed295f08,0x00000000ed380000)
  to   space 3072K, 0% used [0x00000000ecd80000,0x00000000ecd80000,0x00000000ed080000)
 ParOldGen       total 35328K, used 16635K [0x00000000c2200000, 0x00000000c4480000, 0x00000000eb600000)
  object space 35328K, 47% used [0x00000000c2200000,0x00000000c323ef38,0x00000000c4480000)
 Metaspace       used 17471K, capacity 17700K, committed 18048K, reserved 1064960K
  class space    used 2075K, capacity 2154K, committed 2176K, reserved 1048576K
}

