# JRE version: Java(TM) SE Runtime Environment (8.0_121-b13) (build 1.8.0_121-b13)
# Java VM: Java HotSpot(TM) 64-Bit Server VM (25.121-b13 mixed mode windows-amd64 compressed oops)
Heap:
 PSYoungGen      total 314880K, used 64594K [0x00000000eb600000, 0x0000000100000000, 0x0000000100000000)
  eden space 293888K, 15% used [0x00000000eb600000,0x00000000ee2d8338,0x00000000fd500000)
  from space 20992K, 88% used [0x00000000fd500000,0x00000000fe73c6e0,0x00000000fe980000)
  to   space 22528K, 0% used [0x00000000fea00000,0x00000000fea00000,0x0000000100000000)
 ParOldGen       total 51200K, used 32224K [0x00000000c2200000, 0x00000000c5400000, 0x00000000eb600000)
  object space 51200K, 62% used [0x00000000c2200000,0x00000000c4178028,0x00000000c5400000)
 Metaspace       used 17831K, capacity 18032K, committed 18304K, reserved 1064960K
  class space    used 2080K, capacity 2156K, committed 2176K, reserved 1048576K
GC Heap History (10 events):
Event: 216.456 GC heap before
{Heap before GC invocations=46 (full 0):
 PSYoungGen      total 316416K, used 307477K [0x00000000eb600000, 0x00000000fff00000, 0x0000000100000000)
  eden space 294912K, 100% used [0x00000000eb600000,0x00000000fd600000,0x00000000fd600000)
  from space 21504K, 58% used [0x00000000fd600000,0x00000000fe2456a0,0x00000000feb00000)
  to   space 20480K, 0% used [0x00000000feb00000,0x00000000feb00000,0x00000000fff00000)
 ParOldGen       total 42496K, used 38534K [0x00000000c2200000, 0x00000000c4b80000, 0x00000000eb600000)
  object space 42496K, 90% used [0x00000000c2200000,0x00000000c47a1958,0x00000000c4b80000)
 Metaspace       used 17798K, capacity 18032K, committed 18304K, reserved 1064960K
  class space    used 2077K, capacity 2156K, committed 2176K, reserved 1048576K
Event: 216.566 GC heap after
Heap after GC invocations=46 (full 0):
 PSYoungGen      total 313344K, used 19146K [0x00000000eb600000, 0x0000000100000000, 0x0000000100000000)
  eden space 292864K, 0% used [0x00000000eb600000,0x00000000eb600000,0x00000000fd400000)
  from space 20480K, 93% used [0x00000000feb00000,0x00000000ffdb2868,0x00000000fff00000)
  to   space 22528K, 0% used [0x00000000fd400000,0x00000000fd400000,0x00000000fea00000)
 ParOldGen       total 42496K, used 39454K [0x00000000c2200000, 0x00000000c4b80000, 0x00000000eb600000)
  object space 42496K, 92% used [0x00000000c2200000,0x00000000c4887958,0x00000000c4b80000)
 Metaspace       used 17798K, capacity 18032K, committed 18304K, reserved 1064960K
  class space    used 2077K, capacity 2156K, committed 2176K, reserved 1048576K
}
Event: 218.301 GC heap before
{Heap before GC invocations=47 (full 0):
 PSYoungGen      total 313344K, used 312010K [0x00000000eb600000, 0x0000000100000000, 0x0000000100000000)
  eden space 292864K, 100% used [0x00000000eb600000,0x00000000fd400000,0x00000000fd400000)
  from space 20480K, 93% used [0x00000000feb00000,0x00000000ffdb2868,0x00000000fff00000)
  to   space 22528K, 0% used [0x00000000fd400000,0x00000000fd400000,0x00000000fea00000)
 ParOldGen       total 42496K, used 39974K [0x00000000c2200000, 0x00000000c4b80000, 0x00000000eb600000)
  object space 42496K, 94% used [0x00000000c2200000,0x00000000c49099a8,0x00000000c4b80000)
 Metaspace       used 17798K, capacity 18032K, committed 18304K, reserved 1064960K
  class space    used 2077K, capacity 2156K, committed 2176K, reserved 1048576K
Event: 218.397 GC heap after
Heap after GC invocations=47 (full 0):
 PSYoungGen      total 315392K, used 12772K [0x00000000eb600000, 0x0000000100000000, 0x0000000100000000)
  eden space 292864K, 0% used [0x00000000eb600000,0x00000000eb600000,0x00000000fd400000)
  from space 22528K, 56% used [0x00000000fd400000,0x00000000fe079048,0x00000000fea00000)
  to   space 21504K, 0% used [0x00000000feb00000,0x00000000feb00000,0x0000000100000000)
 ParOldGen       total 42496K, used 40542K [0x00000000c2200000, 0x00000000c4b80000, 0x00000000eb600000)
  object space 42496K, 95% used [0x00000000c2200000,0x00000000c49979b8,0x00000000c4b80000)
 Metaspace       used 17798K, capacity 18032K, committed 18304K, reserved 1064960K
  class space    used 2077K, capacity 2156K, committed 2176K, reserved 1048576K
}
Event: 220.262 GC heap before
{Heap before GC invocations=48 (full 0):
 PSYoungGen      total 315392K, used 305636K [0x00000000eb600000, 0x0000000100000000, 0x0000000100000000)
  eden space 292864K, 100% used [0x00000000eb600000,0x00000000fd400000,0x00000000fd400000)
  from space 22528K, 56% used [0x00000000fd400000,0x00000000fe079048,0x00000000fea00000)
  to   space 21504K, 0% used [0x00000000feb00000,0x00000000feb00000,0x0000000100000000)
 ParOldGen       total 45056K, used 42971K [0x00000000c2200000, 0x00000000c4e00000, 0x00000000eb600000)
  object space 45056K, 95% used [0x00000000c2200000,0x00000000c4bf6f98,0x00000000c4e00000)
 Metaspace       used 17801K, capacity 18032K, committed 18304K, reserved 1064960K
  class space    used 2077K, capacity 2156K, committed 2176K, reserved 1048576K
Event: 220.342 GC heap after
Heap after GC invocations=48 (full 0):
 PSYoungGen      total 313344K, used 11205K [0x00000000eb600000, 0x00000000ffe00000, 0x0000000100000000)
  eden space 293888K, 0% used [0x00000000eb600000,0x00000000eb600000,0x00000000fd500000)
  from space 19456K, 57% used [0x00000000feb00000,0x00000000ff5f1410,0x00000000ffe00000)
  to   space 20992K, 0% used [0x00000000fd500000,0x00000000fd500000,0x00000000fe980000)
 ParOldGen       total 45056K, used 43539K [0x00000000c2200000, 0x00000000c4e00000, 0x00000000eb600000)
  object space 45056K, 96% used [0x00000000c2200000,0x00000000c4c84fa8,0x00000000c4e00000)
 Metaspace       used 17801K, capacity 18032K, committed 18304K, reserved 1064960K
  class space    used 2077K, capacity 2156K, committed 2176K, reserved 1048576K
}
Event: 220.342 GC heap before
{Heap before GC invocations=49 (full 1):
 PSYoungGen      total 313344K, used 11205K [0x00000000eb600000, 0x00000000ffe00000, 0x0000000100000000)
  eden space 293888K, 0% used [0x00000000eb600000,0x00000000eb600000,0x00000000fd500000)
  from space 19456K, 57% used [0x00000000feb00000,0x00000000ff5f1410,0x00000000ffe00000)
  to   space 20992K, 0% used [0x00000000fd500000,0x00000000fd500000,0x00000000fe980000)
 ParOldGen       total 45056K, used 43539K [0x00000000c2200000, 0x00000000c4e00000, 0x00000000eb600000)
  object space 45056K, 96% used [0x00000000c2200000,0x00000000c4c84fa8,0x00000000c4e00000)
 Metaspace       used 17801K, capacity 18032K, committed 18304K, reserved 1064960K
  class space    used 2077K, capacity 2156K, committed 2176K, reserved 1048576K
Event: 221.074 GC heap after
Heap after GC invocations=49 (full 1):
 PSYoungGen      total 313344K, used 0K [0x00000000eb600000, 0x00000000ffe00000, 0x0000000100000000)
  eden space 293888K, 0% used [0x00000000eb600000,0x00000000eb600000,0x00000000fd500000)
  from space 19456K, 0% used [0x00000000feb00000,0x00000000feb00000,0x00000000ffe00000)
  to   space 20992K, 0% used [0x00000000fd500000,0x00000000fd500000,0x00000000fe980000)
 ParOldGen       total 51200K, used 32216K [0x00000000c2200000, 0x00000000c5400000, 0x00000000eb600000)
  object space 51200K, 62% used [0x00000000c2200000,0x00000000c4176028,0x00000000c5400000)
 Metaspace       used 17801K, capacity 18032K, committed 18304K, reserved 1064960K
  class space    used 2077K, capacity 2156K, committed 2176K, reserved 1048576K
}
Event: 223.752 GC heap before
{Heap before GC invocations=50 (full 1):
 PSYoungGen      total 313344K, used 293888K [0x00000000eb600000, 0x00000000ffe00000, 0x0000000100000000)
  eden space 293888K, 100% used [0x00000000eb600000,0x00000000fd500000,0x00000000fd500000)
  from space 19456K, 0% used [0x00000000feb00000,0x00000000feb00000,0x00000000ffe00000)
  to   space 20992K, 0% used [0x00000000fd500000,0x00000000fd500000,0x00000000fe980000)
 ParOldGen       total 51200K, used 32216K [0x00000000c2200000, 0x00000000c5400000, 0x00000000eb600000)
  object space 51200K, 62% used [0x00000000c2200000,0x00000000c4176028,0x00000000c5400000)
 Metaspace       used 17801K, capacity 18032K, committed 18304K, reserved 1064960K
  class space    used 2077K, capacity 2156K, committed 2176K, reserved 1048576K
Event: 223.875 GC heap after
Heap after GC invocations=50 (full 1):
 PSYoungGen      total 314880K, used 18673K [0x00000000eb600000, 0x0000000100000000, 0x0000000100000000)
  eden space 293888K, 0% used [0x00000000eb600000,0x00000000eb600000,0x00000000fd500000)
  from space 20992K, 88% used [0x00000000fd500000,0x00000000fe73c6e0,0x00000000fe980000)
  to   space 22528K, 0% used [0x00000000fea00000,0x00000000fea00000,0x0000000100000000)
 ParOldGen       total 51200K, used 32224K [0x00000000c2200000, 0x00000000c5400000, 0x00000000eb600000)
  object space 51200K, 62% used [0x00000000c2200000,0x00000000c4178028,0x00000000c5400000)
 Metaspace       used 17801K, capacity 18032K, committed 18304K, reserved 1064960K
  class space    used 2077K, capacity 2156K, committed 2176K, reserved 1048576K
}

