# JRE version: Java(TM) SE Runtime Environment (8.0_121-b13) (build 1.8.0_121-b13)
# Java VM: Java HotSpot(TM) 64-Bit Server VM (25.121-b13 mixed mode windows-amd64 compressed oops)
Heap:
 PSYoungGen      total 315904K, used 272189K [0x00000000eb600000, 0x00000000ffe80000, 0x0000000100000000)
  eden space 296448K, 87% used [0x00000000eb600000,0x00000000fb34fc88,0x00000000fd780000)
  from space 19456K, 65% used [0x00000000feb80000,0x00000000ff7ffae8,0x00000000ffe80000)
  to   space 19968K, 0% used [0x00000000fd780000,0x00000000fd780000,0x00000000feb00000)
 ParOldGen       total 49664K, used 32652K [0x00000000c2200000, 0x00000000c5280000, 0x00000000eb600000)
  object space 49664K, 65% used [0x00000000c2200000,0x00000000c41e3298,0x00000000c5280000)
 Metaspace       used 17858K, capacity 18064K, committed 18432K, reserved 1064960K
  class space    used 2099K, capacity 2188K, committed 2304K, reserved 1048576K
GC Heap History (10 events):
Event: 136.292 GC heap before
{Heap before GC invocations=33 (full 1):
 PSYoungGen      total 315392K, used 305945K [0x00000000eb600000, 0x0000000100000000, 0x0000000100000000)
  eden space 292864K, 100% used [0x00000000eb600000,0x00000000fd400000,0x00000000fd400000)
  from space 22528K, 58% used [0x00000000fd400000,0x00000000fe0c6778,0x00000000fea00000)
  to   space 22016K, 0% used [0x00000000fea80000,0x00000000fea80000,0x0000000100000000)
 ParOldGen       total 49664K, used 28245K [0x00000000c2200000, 0x00000000c5280000, 0x00000000eb600000)
  object space 49664K, 56% used [0x00000000c2200000,0x00000000c3d95438,0x00000000c5280000)
 Metaspace       used 17752K, capacity 18000K, committed 18432K, reserved 1064960K
  class space    used 2094K, capacity 2188K, committed 2304K, reserved 1048576K
Event: 136.376 GC heap after
Heap after GC invocations=33 (full 1):
 PSYoungGen      total 313856K, used 13676K [0x00000000eb600000, 0x00000000ffe80000, 0x0000000100000000)
  eden space 293376K, 0% used [0x00000000eb600000,0x00000000eb600000,0x00000000fd480000)
  from space 20480K, 66% used [0x00000000fea80000,0x00000000ff7db288,0x00000000ffe80000)
  to   space 21504K, 0% used [0x00000000fd480000,0x00000000fd480000,0x00000000fe980000)
 ParOldGen       total 49664K, used 28964K [0x00000000c2200000, 0x00000000c5280000, 0x00000000eb600000)
  object space 49664K, 58% used [0x00000000c2200000,0x00000000c3e493f8,0x00000000c5280000)
 Metaspace       used 17752K, capacity 18000K, committed 18432K, reserved 1064960K
  class space    used 2094K, capacity 2188K, committed 2304K, reserved 1048576K
}
Event: 145.050 GC heap before
{Heap before GC invocations=34 (full 1):
 PSYoungGen      total 313856K, used 307052K [0x00000000eb600000, 0x00000000ffe80000, 0x0000000100000000)
  eden space 293376K, 100% used [0x00000000eb600000,0x00000000fd480000,0x00000000fd480000)
  from space 20480K, 66% used [0x00000000fea80000,0x00000000ff7db288,0x00000000ffe80000)
  to   space 21504K, 0% used [0x00000000fd480000,0x00000000fd480000,0x00000000fe980000)
 ParOldGen       total 49664K, used 28964K [0x00000000c2200000, 0x00000000c5280000, 0x00000000eb600000)
  object space 49664K, 58% used [0x00000000c2200000,0x00000000c3e493f8,0x00000000c5280000)
 Metaspace       used 17752K, capacity 18000K, committed 18432K, reserved 1064960K
  class space    used 2094K, capacity 2188K, committed 2304K, reserved 1048576K
Event: 145.138 GC heap after
Heap after GC invocations=34 (full 1):
 PSYoungGen      total 314880K, used 12619K [0x00000000eb600000, 0x0000000100000000, 0x0000000100000000)
  eden space 293376K, 0% used [0x00000000eb600000,0x00000000eb600000,0x00000000fd480000)
  from space 21504K, 58% used [0x00000000fd480000,0x00000000fe0d2f28,0x00000000fe980000)
  to   space 20992K, 0% used [0x00000000feb80000,0x00000000feb80000,0x0000000100000000)
 ParOldGen       total 49664K, used 29890K [0x00000000c2200000, 0x00000000c5280000, 0x00000000eb600000)
  object space 49664K, 60% used [0x00000000c2200000,0x00000000c3f309c8,0x00000000c5280000)
 Metaspace       used 17752K, capacity 18000K, committed 18432K, reserved 1064960K
  class space    used 2094K, capacity 2188K, committed 2304K, reserved 1048576K
}
Event: 153.563 GC heap before
{Heap before GC invocations=35 (full 1):
 PSYoungGen      total 314880K, used 305995K [0x00000000eb600000, 0x0000000100000000, 0x0000000100000000)
  eden space 293376K, 100% used [0x00000000eb600000,0x00000000fd480000,0x00000000fd480000)
  from space 21504K, 58% used [0x00000000fd480000,0x00000000fe0d2f28,0x00000000fe980000)
  to   space 20992K, 0% used [0x00000000feb80000,0x00000000feb80000,0x0000000100000000)
 ParOldGen       total 49664K, used 29890K [0x00000000c2200000, 0x00000000c5280000, 0x00000000eb600000)
  object space 49664K, 60% used [0x00000000c2200000,0x00000000c3f309c8,0x00000000c5280000)
 Metaspace       used 17788K, capacity 18000K, committed 18432K, reserved 1064960K
  class space    used 2096K, capacity 2188K, committed 2304K, reserved 1048576K
Event: 153.650 GC heap after
Heap after GC invocations=35 (full 1):
 PSYoungGen      total 315904K, used 14717K [0x00000000eb600000, 0x00000000fff80000, 0x0000000100000000)
  eden space 295424K, 0% used [0x00000000eb600000,0x00000000eb600000,0x00000000fd680000)
  from space 20480K, 71% used [0x00000000feb80000,0x00000000ff9df460,0x00000000fff80000)
  to   space 20992K, 0% used [0x00000000fd680000,0x00000000fd680000,0x00000000feb00000)
 ParOldGen       total 49664K, used 31422K [0x00000000c2200000, 0x00000000c5280000, 0x00000000eb600000)
  object space 49664K, 63% used [0x00000000c2200000,0x00000000c40af9b0,0x00000000c5280000)
 Metaspace       used 17788K, capacity 18000K, committed 18432K, reserved 1064960K
  class space    used 2096K, capacity 2188K, committed 2304K, reserved 1048576K
}
Event: 161.234 GC heap before
{Heap before GC invocations=36 (full 1):
 PSYoungGen      total 315904K, used 310141K [0x00000000eb600000, 0x00000000fff80000, 0x0000000100000000)
  eden space 295424K, 100% used [0x00000000eb600000,0x00000000fd680000,0x00000000fd680000)
  from space 20480K, 71% used [0x00000000feb80000,0x00000000ff9df460,0x00000000fff80000)
  to   space 20992K, 0% used [0x00000000fd680000,0x00000000fd680000,0x00000000feb00000)
 ParOldGen       total 49664K, used 31422K [0x00000000c2200000, 0x00000000c5280000, 0x00000000eb600000)
  object space 49664K, 63% used [0x00000000c2200000,0x00000000c40af9b0,0x00000000c5280000)
 Metaspace       used 17790K, capacity 18000K, committed 18432K, reserved 1064960K
  class space    used 2096K, capacity 2188K, committed 2304K, reserved 1048576K
Event: 161.328 GC heap after
Heap after GC invocations=36 (full 1):
 PSYoungGen      total 316416K, used 12277K [0x00000000eb600000, 0x00000000fff80000, 0x0000000100000000)
  eden space 295424K, 0% used [0x00000000eb600000,0x00000000eb600000,0x00000000fd680000)
  from space 20992K, 58% used [0x00000000fd680000,0x00000000fe27d710,0x00000000feb00000)
  to   space 20480K, 0% used [0x00000000feb80000,0x00000000feb80000,0x00000000fff80000)
 ParOldGen       total 49664K, used 32019K [0x00000000c2200000, 0x00000000c5280000, 0x00000000eb600000)
  object space 49664K, 64% used [0x00000000c2200000,0x00000000c4144f60,0x00000000c5280000)
 Metaspace       used 17790K, capacity 18000K, committed 18432K, reserved 1064960K
  class space    used 2096K, capacity 2188K, committed 2304K, reserved 1048576K
}
Event: 171.293 GC heap before
{Heap before GC invocations=37 (full 1):
 PSYoungGen      total 316416K, used 307701K [0x00000000eb600000, 0x00000000fff80000, 0x0000000100000000)
  eden space 295424K, 100% used [0x00000000eb600000,0x00000000fd680000,0x00000000fd680000)
  from space 20992K, 58% used [0x00000000fd680000,0x00000000fe27d710,0x00000000feb00000)
  to   space 20480K, 0% used [0x00000000feb80000,0x00000000feb80000,0x00000000fff80000)
 ParOldGen       total 49664K, used 32019K [0x00000000c2200000, 0x00000000c5280000, 0x00000000eb600000)
  object space 49664K, 64% used [0x00000000c2200000,0x00000000c4144f60,0x00000000c5280000)
 Metaspace       used 17802K, capacity 18064K, committed 18432K, reserved 1064960K
  class space    used 2096K, capacity 2188K, committed 2304K, reserved 1048576K
Event: 171.389 GC heap after
Heap after GC invocations=37 (full 1):
 PSYoungGen      total 315904K, used 12798K [0x00000000eb600000, 0x00000000ffe80000, 0x0000000100000000)
  eden space 296448K, 0% used [0x00000000eb600000,0x00000000eb600000,0x00000000fd780000)
  from space 19456K, 65% used [0x00000000feb80000,0x00000000ff7ffae8,0x00000000ffe80000)
  to   space 19968K, 0% used [0x00000000fd780000,0x00000000fd780000,0x00000000feb00000)
 ParOldGen       total 49664K, used 32652K [0x00000000c2200000, 0x00000000c5280000, 0x00000000eb600000)
  object space 49664K, 65% used [0x00000000c2200000,0x00000000c41e3298,0x00000000c5280000)
 Metaspace       used 17802K, capacity 18064K, committed 18432K, reserved 1064960K
  class space    used 2096K, capacity 2188K, committed 2304K, reserved 1048576K
}

