# JRE version: Java(TM) SE Runtime Environment (8.0_121-b13) (build 1.8.0_121-b13)
# Java VM: Java HotSpot(TM) 64-Bit Server VM (25.121-b13 mixed mode windows-amd64 compressed oops)
Heap:
 PSYoungGen      total 56320K, used 49816K [0x00000000eb600000, 0x00000000f0080000, 0x0000000100000000)
  eden space 48128K, 98% used [0x00000000eb600000,0x00000000ee485be8,0x00000000ee500000)
  from space 8192K, 26% used [0x00000000eec80000,0x00000000eeea05c0,0x00000000ef480000)
  to   space 7680K, 0% used [0x00000000ee500000,0x00000000ee500000,0x00000000eec80000)
 ParOldGen       total 42496K, used 12768K [0x00000000c2200000, 0x00000000c4b80000, 0x00000000eb600000)
  object space 42496K, 30% used [0x00000000c2200000,0x00000000c2e782a8,0x00000000c4b80000)
 Metaspace       used 17254K, capacity 17510K, committed 17792K, reserved 1064960K
  class space    used 2071K, capacity 2156K, committed 2176K, reserved 1048576K
GC Heap History (10 events):
Event: 346.875 GC heap before
{Heap before GC invocations=10 (full 0):
 PSYoungGen      total 41472K, used 33216K [0x00000000eb600000, 0x00000000efa00000, 0x0000000100000000)
  eden space 31744K, 100% used [0x00000000eb600000,0x00000000ed500000,0x00000000ed500000)
  from space 9728K, 15% used [0x00000000ed500000,0x00000000ed670040,0x00000000ede80000)
  to   space 9216K, 0% used [0x00000000ef100000,0x00000000ef100000,0x00000000efa00000)
 ParOldGen       total 42496K, used 12309K [0x00000000c2200000, 0x00000000c4b80000, 0x00000000eb600000)
  object space 42496K, 28% used [0x00000000c2200000,0x00000000c2e056e0,0x00000000c4b80000)
 Metaspace       used 17183K, capacity 17446K, committed 17792K, reserved 1064960K
  class space    used 2067K, capacity 2156K, committed 2176K, reserved 1048576K
Event: 346.895 GC heap after
Heap after GC invocations=10 (full 0):
 PSYoungGen      total 32768K, used 1825K [0x00000000eb600000, 0x00000000ef300000, 0x0000000100000000)
  eden space 30720K, 0% used [0x00000000eb600000,0x00000000eb600000,0x00000000ed400000)
  from space 2048K, 89% used [0x00000000ef100000,0x00000000ef2c8440,0x00000000ef300000)
  to   space 9216K, 0% used [0x00000000ee100000,0x00000000ee100000,0x00000000eea00000)
 ParOldGen       total 42496K, used 12325K [0x00000000c2200000, 0x00000000c4b80000, 0x00000000eb600000)
  object space 42496K, 29% used [0x00000000c2200000,0x00000000c2e096e0,0x00000000c4b80000)
 Metaspace       used 17183K, capacity 17446K, committed 17792K, reserved 1064960K
  class space    used 2067K, capacity 2156K, committed 2176K, reserved 1048576K
}
Event: 350.474 GC heap before
{Heap before GC invocations=11 (full 0):
 PSYoungGen      total 32768K, used 32545K [0x00000000eb600000, 0x00000000ef300000, 0x0000000100000000)
  eden space 30720K, 100% used [0x00000000eb600000,0x00000000ed400000,0x00000000ed400000)
  from space 2048K, 89% used [0x00000000ef100000,0x00000000ef2c8440,0x00000000ef300000)
  to   space 9216K, 0% used [0x00000000ee100000,0x00000000ee100000,0x00000000eea00000)
 ParOldGen       total 42496K, used 12325K [0x00000000c2200000, 0x00000000c4b80000, 0x00000000eb600000)
  object space 42496K, 29% used [0x00000000c2200000,0x00000000c2e096e0,0x00000000c4b80000)
 Metaspace       used 17189K, capacity 17446K, committed 17792K, reserved 1064960K
  class space    used 2067K, capacity 2156K, committed 2176K, reserved 1048576K
Event: 350.498 GC heap after
Heap after GC invocations=11 (full 0):
 PSYoungGen      total 32256K, used 1833K [0x00000000eb600000, 0x00000000ef180000, 0x0000000100000000)
  eden space 30208K, 0% used [0x00000000eb600000,0x00000000eb600000,0x00000000ed380000)
  from space 2048K, 89% used [0x00000000ee100000,0x00000000ee2ca588,0x00000000ee300000)
  to   space 8704K, 0% used [0x00000000ee900000,0x00000000ee900000,0x00000000ef180000)
 ParOldGen       total 42496K, used 12424K [0x00000000c2200000, 0x00000000c4b80000, 0x00000000eb600000)
  object space 42496K, 29% used [0x00000000c2200000,0x00000000c2e222a8,0x00000000c4b80000)
 Metaspace       used 17189K, capacity 17446K, committed 17792K, reserved 1064960K
  class space    used 2067K, capacity 2156K, committed 2176K, reserved 1048576K
}
Event: 353.736 GC heap before
{Heap before GC invocations=12 (full 0):
 PSYoungGen      total 32256K, used 32041K [0x00000000eb600000, 0x00000000ef180000, 0x0000000100000000)
  eden space 30208K, 100% used [0x00000000eb600000,0x00000000ed380000,0x00000000ed380000)
  from space 2048K, 89% used [0x00000000ee100000,0x00000000ee2ca588,0x00000000ee300000)
  to   space 8704K, 0% used [0x00000000ee900000,0x00000000ee900000,0x00000000ef180000)
 ParOldGen       total 42496K, used 12424K [0x00000000c2200000, 0x00000000c4b80000, 0x00000000eb600000)
  object space 42496K, 29% used [0x00000000c2200000,0x00000000c2e222a8,0x00000000c4b80000)
 Metaspace       used 17189K, capacity 17446K, committed 17792K, reserved 1064960K
  class space    used 2067K, capacity 2156K, committed 2176K, reserved 1048576K
Event: 353.767 GC heap after
Heap after GC invocations=12 (full 0):
 PSYoungGen      total 31744K, used 1710K [0x00000000eb600000, 0x00000000eeb00000, 0x0000000100000000)
  eden space 29696K, 0% used [0x00000000eb600000,0x00000000eb600000,0x00000000ed300000)
  from space 2048K, 83% used [0x00000000ee900000,0x00000000eeaabb38,0x00000000eeb00000)
  to   space 8192K, 0% used [0x00000000edb00000,0x00000000edb00000,0x00000000ee300000)
 ParOldGen       total 42496K, used 12608K [0x00000000c2200000, 0x00000000c4b80000, 0x00000000eb600000)
  object space 42496K, 29% used [0x00000000c2200000,0x00000000c2e502a8,0x00000000c4b80000)
 Metaspace       used 17189K, capacity 17446K, committed 17792K, reserved 1064960K
  class space    used 2067K, capacity 2156K, committed 2176K, reserved 1048576K
}
Event: 356.419 GC heap before
{Heap before GC invocations=13 (full 0):
 PSYoungGen      total 31744K, used 31406K [0x00000000eb600000, 0x00000000eeb00000, 0x0000000100000000)
  eden space 29696K, 100% used [0x00000000eb600000,0x00000000ed300000,0x00000000ed300000)
  from space 2048K, 83% used [0x00000000ee900000,0x00000000eeaabb38,0x00000000eeb00000)
  to   space 8192K, 0% used [0x00000000edb00000,0x00000000edb00000,0x00000000ee300000)
 ParOldGen       total 42496K, used 12608K [0x00000000c2200000, 0x00000000c4b80000, 0x00000000eb600000)
  object space 42496K, 29% used [0x00000000c2200000,0x00000000c2e502a8,0x00000000c4b80000)
 Metaspace       used 17214K, capacity 17446K, committed 17792K, reserved 1064960K
  class space    used 2067K, capacity 2156K, committed 2176K, reserved 1048576K
Event: 356.581 GC heap after
Heap after GC invocations=13 (full 0):
 PSYoungGen      total 46080K, used 1780K [0x00000000eb600000, 0x00000000ef480000, 0x0000000100000000)
  eden space 37888K, 0% used [0x00000000eb600000,0x00000000eb600000,0x00000000edb00000)
  from space 8192K, 21% used [0x00000000edb00000,0x00000000edcbd330,0x00000000ee300000)
  to   space 8192K, 0% used [0x00000000eec80000,0x00000000eec80000,0x00000000ef480000)
 ParOldGen       total 42496K, used 12680K [0x00000000c2200000, 0x00000000c4b80000, 0x00000000eb600000)
  object space 42496K, 29% used [0x00000000c2200000,0x00000000c2e622a8,0x00000000c4b80000)
 Metaspace       used 17214K, capacity 17446K, committed 17792K, reserved 1064960K
  class space    used 2067K, capacity 2156K, committed 2176K, reserved 1048576K
}
Event: 359.687 GC heap before
{Heap before GC invocations=14 (full 0):
 PSYoungGen      total 46080K, used 39668K [0x00000000eb600000, 0x00000000ef480000, 0x0000000100000000)
  eden space 37888K, 100% used [0x00000000eb600000,0x00000000edb00000,0x00000000edb00000)
  from space 8192K, 21% used [0x00000000edb00000,0x00000000edcbd330,0x00000000ee300000)
  to   space 8192K, 0% used [0x00000000eec80000,0x00000000eec80000,0x00000000ef480000)
 ParOldGen       total 42496K, used 12680K [0x00000000c2200000, 0x00000000c4b80000, 0x00000000eb600000)
  object space 42496K, 29% used [0x00000000c2200000,0x00000000c2e622a8,0x00000000c4b80000)
 Metaspace       used 17214K, capacity 17446K, committed 17792K, reserved 1064960K
  class space    used 2067K, capacity 2156K, committed 2176K, reserved 1048576K
Event: 359.717 GC heap after
Heap after GC invocations=14 (full 0):
 PSYoungGen      total 56320K, used 2177K [0x00000000eb600000, 0x00000000f0080000, 0x0000000100000000)
  eden space 48128K, 0% used [0x00000000eb600000,0x00000000eb600000,0x00000000ee500000)
  from space 8192K, 26% used [0x00000000eec80000,0x00000000eeea05c0,0x00000000ef480000)
  to   space 7680K, 0% used [0x00000000ee500000,0x00000000ee500000,0x00000000eec80000)
 ParOldGen       total 42496K, used 12768K [0x00000000c2200000, 0x00000000c4b80000, 0x00000000eb600000)
  object space 42496K, 30% used [0x00000000c2200000,0x00000000c2e782a8,0x00000000c4b80000)
 Metaspace       used 17214K, capacity 17446K, committed 17792K, reserved 1064960K
  class space    used 2067K, capacity 2156K, committed 2176K, reserved 1048576K
}

