# JRE version: Java(TM) SE Runtime Environment (8.0_121-b13) (build 1.8.0_121-b13)
# Java VM: Java HotSpot(TM) 64-Bit Server VM (25.121-b13 mixed mode windows-amd64 compressed oops)
Heap:
 PSYoungGen      total 313344K, used 296685K [0x00000000eb600000, 0x0000000100000000, 0x0000000100000000)
  eden space 290816K, 94% used [0x00000000eb600000,0x00000000fc30c828,0x00000000fd200000)
  from space 22528K, 94% used [0x00000000fe980000,0x00000000ffe2ef08,0x00000000fff80000)
  to   space 23552K, 0% used [0x00000000fd200000,0x00000000fd200000,0x00000000fe900000)
 ParOldGen       total 58880K, used 36392K [0x00000000c2200000, 0x00000000c5b80000, 0x00000000eb600000)
  object space 58880K, 61% used [0x00000000c2200000,0x00000000c458a1f8,0x00000000c5b80000)
 Metaspace       used 18046K, capacity 18284K, committed 18688K, reserved 1064960K
  class space    used 2110K, capacity 2194K, committed 2304K, reserved 1048576K
GC Heap History (10 events):
Event: 205.704 GC heap before
{Heap before GC invocations=80 (full 1):
 PSYoungGen      total 313856K, used 304719K [0x00000000eb600000, 0x00000000fff00000, 0x0000000100000000)
  eden space 291840K, 100% used [0x00000000eb600000,0x00000000fd300000,0x00000000fd300000)
  from space 22016K, 58% used [0x00000000fe880000,0x00000000ff513c78,0x00000000ffe00000)
  to   space 22016K, 0% used [0x00000000fd300000,0x00000000fd300000,0x00000000fe880000)
 ParOldGen       total 49152K, used 46833K [0x00000000c2200000, 0x00000000c5200000, 0x00000000eb600000)
  object space 49152K, 95% used [0x00000000c2200000,0x00000000c4fbc7a0,0x00000000c5200000)
 Metaspace       used 17977K, capacity 18220K, committed 18432K, reserved 1064960K
  class space    used 2105K, capacity 2194K, committed 2304K, reserved 1048576K
Event: 205.789 GC heap after
Heap after GC invocations=80 (full 1):
 PSYoungGen      total 313856K, used 20496K [0x00000000eb600000, 0x0000000100000000, 0x0000000100000000)
  eden space 291840K, 0% used [0x00000000eb600000,0x00000000eb600000,0x00000000fd300000)
  from space 22016K, 93% used [0x00000000fd300000,0x00000000fe704238,0x00000000fe880000)
  to   space 23552K, 0% used [0x00000000fe900000,0x00000000fe900000,0x0000000100000000)
 ParOldGen       total 49152K, used 47593K [0x00000000c2200000, 0x00000000c5200000, 0x00000000eb600000)
  object space 49152K, 96% used [0x00000000c2200000,0x00000000c507a700,0x00000000c5200000)
 Metaspace       used 17977K, capacity 18220K, committed 18432K, reserved 1064960K
  class space    used 2105K, capacity 2194K, committed 2304K, reserved 1048576K
}
Event: 207.534 GC heap before
{Heap before GC invocations=81 (full 1):
 PSYoungGen      total 313856K, used 312336K [0x00000000eb600000, 0x0000000100000000, 0x0000000100000000)
  eden space 291840K, 100% used [0x00000000eb600000,0x00000000fd300000,0x00000000fd300000)
  from space 22016K, 93% used [0x00000000fd300000,0x00000000fe704238,0x00000000fe880000)
  to   space 23552K, 0% used [0x00000000fe900000,0x00000000fe900000,0x0000000100000000)
 ParOldGen       total 49152K, used 47593K [0x00000000c2200000, 0x00000000c5200000, 0x00000000eb600000)
  object space 49152K, 96% used [0x00000000c2200000,0x00000000c507a700,0x00000000c5200000)
 Metaspace       used 17977K, capacity 18220K, committed 18432K, reserved 1064960K
  class space    used 2105K, capacity 2194K, committed 2304K, reserved 1048576K
Event: 207.620 GC heap after
Heap after GC invocations=81 (full 1):
 PSYoungGen      total 314880K, used 15631K [0x00000000eb600000, 0x00000000fff80000, 0x0000000100000000)
  eden space 291840K, 0% used [0x00000000eb600000,0x00000000eb600000,0x00000000fd300000)
  from space 23040K, 67% used [0x00000000fe900000,0x00000000ff843fe8,0x00000000fff80000)
  to   space 22528K, 0% used [0x00000000fd300000,0x00000000fd300000,0x00000000fe900000)
 ParOldGen       total 49152K, used 48329K [0x00000000c2200000, 0x00000000c5200000, 0x00000000eb600000)
  object space 49152K, 98% used [0x00000000c2200000,0x00000000c5132700,0x00000000c5200000)
 Metaspace       used 17977K, capacity 18220K, committed 18432K, reserved 1064960K
  class space    used 2105K, capacity 2194K, committed 2304K, reserved 1048576K
}
Event: 207.620 GC heap before
{Heap before GC invocations=82 (full 2):
 PSYoungGen      total 314880K, used 15631K [0x00000000eb600000, 0x00000000fff80000, 0x0000000100000000)
  eden space 291840K, 0% used [0x00000000eb600000,0x00000000eb600000,0x00000000fd300000)
  from space 23040K, 67% used [0x00000000fe900000,0x00000000ff843fe8,0x00000000fff80000)
  to   space 22528K, 0% used [0x00000000fd300000,0x00000000fd300000,0x00000000fe900000)
 ParOldGen       total 49152K, used 48329K [0x00000000c2200000, 0x00000000c5200000, 0x00000000eb600000)
  object space 49152K, 98% used [0x00000000c2200000,0x00000000c5132700,0x00000000c5200000)
 Metaspace       used 17977K, capacity 18220K, committed 18432K, reserved 1064960K
  class space    used 2105K, capacity 2194K, committed 2304K, reserved 1048576K
Event: 208.427 GC heap after
Heap after GC invocations=82 (full 2):
 PSYoungGen      total 314880K, used 0K [0x00000000eb600000, 0x00000000fff80000, 0x0000000100000000)
  eden space 291840K, 0% used [0x00000000eb600000,0x00000000eb600000,0x00000000fd300000)
  from space 23040K, 0% used [0x00000000fe900000,0x00000000fe900000,0x00000000fff80000)
  to   space 22528K, 0% used [0x00000000fd300000,0x00000000fd300000,0x00000000fe900000)
 ParOldGen       total 58880K, used 35496K [0x00000000c2200000, 0x00000000c5b80000, 0x00000000eb600000)
  object space 58880K, 60% used [0x00000000c2200000,0x00000000c44aa358,0x00000000c5b80000)
 Metaspace       used 17977K, capacity 18220K, committed 18432K, reserved 1064960K
  class space    used 2105K, capacity 2194K, committed 2304K, reserved 1048576K
}
Event: 210.800 GC heap before
{Heap before GC invocations=83 (full 2):
 PSYoungGen      total 314880K, used 291840K [0x00000000eb600000, 0x00000000fff80000, 0x0000000100000000)
  eden space 291840K, 100% used [0x00000000eb600000,0x00000000fd300000,0x00000000fd300000)
  from space 23040K, 0% used [0x00000000fe900000,0x00000000fe900000,0x00000000fff80000)
  to   space 22528K, 0% used [0x00000000fd300000,0x00000000fd300000,0x00000000fe900000)
 ParOldGen       total 58880K, used 35496K [0x00000000c2200000, 0x00000000c5b80000, 0x00000000eb600000)
  object space 58880K, 60% used [0x00000000c2200000,0x00000000c44aa358,0x00000000c5b80000)
 Metaspace       used 17978K, capacity 18220K, committed 18432K, reserved 1064960K
  class space    used 2105K, capacity 2194K, committed 2304K, reserved 1048576K
Event: 210.911 GC heap after
Heap after GC invocations=83 (full 2):
 PSYoungGen      total 314368K, used 17287K [0x00000000eb600000, 0x00000000fff80000, 0x0000000100000000)
  eden space 291840K, 0% used [0x00000000eb600000,0x00000000eb600000,0x00000000fd300000)
  from space 22528K, 76% used [0x00000000fd300000,0x00000000fe3e1f78,0x00000000fe900000)
  to   space 22528K, 0% used [0x00000000fe980000,0x00000000fe980000,0x00000000fff80000)
 ParOldGen       total 58880K, used 35496K [0x00000000c2200000, 0x00000000c5b80000, 0x00000000eb600000)
  object space 58880K, 60% used [0x00000000c2200000,0x00000000c44aa358,0x00000000c5b80000)
 Metaspace       used 17978K, capacity 18220K, committed 18432K, reserved 1064960K
  class space    used 2105K, capacity 2194K, committed 2304K, reserved 1048576K
}
Event: 213.237 GC heap before
{Heap before GC invocations=84 (full 2):
 PSYoungGen      total 314368K, used 309127K [0x00000000eb600000, 0x00000000fff80000, 0x0000000100000000)
  eden space 291840K, 100% used [0x00000000eb600000,0x00000000fd300000,0x00000000fd300000)
  from space 22528K, 76% used [0x00000000fd300000,0x00000000fe3e1f78,0x00000000fe900000)
  to   space 22528K, 0% used [0x00000000fe980000,0x00000000fe980000,0x00000000fff80000)
 ParOldGen       total 58880K, used 35496K [0x00000000c2200000, 0x00000000c5b80000, 0x00000000eb600000)
  object space 58880K, 60% used [0x00000000c2200000,0x00000000c44aa358,0x00000000c5b80000)
 Metaspace       used 17985K, capacity 18220K, committed 18432K, reserved 1064960K
  class space    used 2105K, capacity 2194K, committed 2304K, reserved 1048576K
Event: 213.349 GC heap after
Heap after GC invocations=84 (full 2):
 PSYoungGen      total 313344K, used 21179K [0x00000000eb600000, 0x0000000100000000, 0x0000000100000000)
  eden space 290816K, 0% used [0x00000000eb600000,0x00000000eb600000,0x00000000fd200000)
  from space 22528K, 94% used [0x00000000fe980000,0x00000000ffe2ef08,0x00000000fff80000)
  to   space 23552K, 0% used [0x00000000fd200000,0x00000000fd200000,0x00000000fe900000)
 ParOldGen       total 58880K, used 36392K [0x00000000c2200000, 0x00000000c5b80000, 0x00000000eb600000)
  object space 58880K, 61% used [0x00000000c2200000,0x00000000c458a1f8,0x00000000c5b80000)
 Metaspace       used 17985K, capacity 18220K, committed 18432K, reserved 1064960K
  class space    used 2105K, capacity 2194K, committed 2304K, reserved 1048576K
}

