# JRE version: Java(TM) SE Runtime Environment (8.0_121-b13) (build 1.8.0_121-b13)
# Java VM: Java HotSpot(TM) 64-Bit Server VM (25.121-b13 mixed mode windows-amd64 compressed oops)
Heap:
 PSYoungGen      total 176128K, used 169024K [0x00000000eb600000, 0x00000000f6e80000, 0x0000000100000000)
  eden space 171008K, 96% used [0x00000000eb600000,0x00000000f5663ce8,0x00000000f5d00000)
  from space 5120K, 93% used [0x00000000f6980000,0x00000000f6e2c520,0x00000000f6e80000)
  to   space 6656K, 0% used [0x00000000f6180000,0x00000000f6180000,0x00000000f6800000)
 ParOldGen       total 42496K, used 22606K [0x00000000c2200000, 0x00000000c4b80000, 0x00000000eb600000)
  object space 42496K, 53% used [0x00000000c2200000,0x00000000c38138f8,0x00000000c4b80000)
 Metaspace       used 18043K, capacity 18256K, committed 18688K, reserved 1064960K
  class space    used 2111K, capacity 2188K, committed 2304K, reserved 1048576K
GC Heap History (10 events):
Event: 87.052 GC heap before
{Heap before GC invocations=16 (full 0):
 PSYoungGen      total 102400K, used 101861K [0x00000000eb600000, 0x00000000f7880000, 0x0000000100000000)
  eden space 98304K, 99% used [0x00000000eb600000,0x00000000f15a28e0,0x00000000f1600000)
  from space 4096K, 95% used [0x00000000f6e00000,0x00000000f71d6d88,0x00000000f7200000)
  to   space 6656K, 0% used [0x00000000f7200000,0x00000000f7200000,0x00000000f7880000)
 ParOldGen       total 42496K, used 21718K [0x00000000c2200000, 0x00000000c4b80000, 0x00000000eb600000)
  object space 42496K, 51% used [0x00000000c2200000,0x00000000c37358c8,0x00000000c4b80000)
 Metaspace       used 17677K, capacity 17904K, committed 18048K, reserved 1064960K
  class space    used 2077K, capacity 2156K, committed 2176K, reserved 1048576K
Event: 87.075 GC heap after
Heap after GC invocations=16 (full 0):
 PSYoungGen      total 98304K, used 3946K [0x00000000eb600000, 0x00000000f7600000, 0x0000000100000000)
  eden space 94208K, 0% used [0x00000000eb600000,0x00000000eb600000,0x00000000f1200000)
  from space 4096K, 96% used [0x00000000f7200000,0x00000000f75da948,0x00000000f7600000)
  to   space 6656K, 0% used [0x00000000f6900000,0x00000000f6900000,0x00000000f6f80000)
 ParOldGen       total 42496K, used 21926K [0x00000000c2200000, 0x00000000c4b80000, 0x00000000eb600000)
  object space 42496K, 51% used [0x00000000c2200000,0x00000000c37698c8,0x00000000c4b80000)
 Metaspace       used 17677K, capacity 17904K, committed 18048K, reserved 1064960K
  class space    used 2077K, capacity 2156K, committed 2176K, reserved 1048576K
}
Event: 89.482 GC heap before
{Heap before GC invocations=17 (full 0):
 PSYoungGen      total 98304K, used 98154K [0x00000000eb600000, 0x00000000f7600000, 0x0000000100000000)
  eden space 94208K, 100% used [0x00000000eb600000,0x00000000f1200000,0x00000000f1200000)
  from space 4096K, 96% used [0x00000000f7200000,0x00000000f75da948,0x00000000f7600000)
  to   space 6656K, 0% used [0x00000000f6900000,0x00000000f6900000,0x00000000f6f80000)
 ParOldGen       total 42496K, used 21926K [0x00000000c2200000, 0x00000000c4b80000, 0x00000000eb600000)
  object space 42496K, 51% used [0x00000000c2200000,0x00000000c37698c8,0x00000000c4b80000)
 Metaspace       used 17680K, capacity 17904K, committed 18048K, reserved 1064960K
  class space    used 2077K, capacity 2156K, committed 2176K, reserved 1048576K
Event: 89.507 GC heap after
Heap after GC invocations=17 (full 0):
 PSYoungGen      total 95744K, used 4649K [0x00000000eb600000, 0x00000000f7280000, 0x0000000100000000)
  eden space 90624K, 0% used [0x00000000eb600000,0x00000000eb600000,0x00000000f0e80000)
  from space 5120K, 90% used [0x00000000f6900000,0x00000000f6d8a440,0x00000000f6e00000)
  to   space 4608K, 0% used [0x00000000f6e00000,0x00000000f6e00000,0x00000000f7280000)
 ParOldGen       total 42496K, used 22070K [0x00000000c2200000, 0x00000000c4b80000, 0x00000000eb600000)
  object space 42496K, 51% used [0x00000000c2200000,0x00000000c378d8c8,0x00000000c4b80000)
 Metaspace       used 17680K, capacity 17904K, committed 18048K, reserved 1064960K
  class space    used 2077K, capacity 2156K, committed 2176K, reserved 1048576K
}
Event: 91.441 GC heap before
{Heap before GC invocations=18 (full 0):
 PSYoungGen      total 95744K, used 95273K [0x00000000eb600000, 0x00000000f7280000, 0x0000000100000000)
  eden space 90624K, 100% used [0x00000000eb600000,0x00000000f0e80000,0x00000000f0e80000)
  from space 5120K, 90% used [0x00000000f6900000,0x00000000f6d8a440,0x00000000f6e00000)
  to   space 4608K, 0% used [0x00000000f6e00000,0x00000000f6e00000,0x00000000f7280000)
 ParOldGen       total 42496K, used 22070K [0x00000000c2200000, 0x00000000c4b80000, 0x00000000eb600000)
  object space 42496K, 51% used [0x00000000c2200000,0x00000000c378d8c8,0x00000000c4b80000)
 Metaspace       used 17730K, capacity 17968K, committed 18304K, reserved 1064960K
  class space    used 2077K, capacity 2156K, committed 2176K, reserved 1048576K
Event: 91.464 GC heap after
Heap after GC invocations=18 (full 0):
 PSYoungGen      total 91648K, used 4588K [0x00000000eb600000, 0x00000000f7280000, 0x0000000100000000)
  eden space 87040K, 0% used [0x00000000eb600000,0x00000000eb600000,0x00000000f0b00000)
  from space 4608K, 99% used [0x00000000f6e00000,0x00000000f727b008,0x00000000f7280000)
  to   space 6656K, 0% used [0x00000000f6580000,0x00000000f6580000,0x00000000f6c00000)
 ParOldGen       total 42496K, used 22262K [0x00000000c2200000, 0x00000000c4b80000, 0x00000000eb600000)
  object space 42496K, 52% used [0x00000000c2200000,0x00000000c37bd8f8,0x00000000c4b80000)
 Metaspace       used 17730K, capacity 17968K, committed 18304K, reserved 1064960K
  class space    used 2077K, capacity 2156K, committed 2176K, reserved 1048576K
}
Event: 93.341 GC heap before
{Heap before GC invocations=19 (full 0):
 PSYoungGen      total 91648K, used 91628K [0x00000000eb600000, 0x00000000f7280000, 0x0000000100000000)
  eden space 87040K, 100% used [0x00000000eb600000,0x00000000f0b00000,0x00000000f0b00000)
  from space 4608K, 99% used [0x00000000f6e00000,0x00000000f727b008,0x00000000f7280000)
  to   space 6656K, 0% used [0x00000000f6580000,0x00000000f6580000,0x00000000f6c00000)
 ParOldGen       total 42496K, used 22262K [0x00000000c2200000, 0x00000000c4b80000, 0x00000000eb600000)
  object space 42496K, 52% used [0x00000000c2200000,0x00000000c37bd8f8,0x00000000c4b80000)
 Metaspace       used 17734K, capacity 17968K, committed 18304K, reserved 1064960K
  class space    used 2077K, capacity 2156K, committed 2176K, reserved 1048576K
Event: 93.398 GC heap after
Heap after GC invocations=19 (full 0):
 PSYoungGen      total 125952K, used 3720K [0x00000000eb600000, 0x00000000f6e80000, 0x0000000100000000)
  eden space 121856K, 0% used [0x00000000eb600000,0x00000000eb600000,0x00000000f2d00000)
  from space 4096K, 90% used [0x00000000f6580000,0x00000000f6922040,0x00000000f6980000)
  to   space 5120K, 0% used [0x00000000f6980000,0x00000000f6980000,0x00000000f6e80000)
 ParOldGen       total 42496K, used 22430K [0x00000000c2200000, 0x00000000c4b80000, 0x00000000eb600000)
  object space 42496K, 52% used [0x00000000c2200000,0x00000000c37e78f8,0x00000000c4b80000)
 Metaspace       used 17734K, capacity 17968K, committed 18304K, reserved 1064960K
  class space    used 2077K, capacity 2156K, committed 2176K, reserved 1048576K
}
Event: 95.956 GC heap before
{Heap before GC invocations=20 (full 0):
 PSYoungGen      total 125952K, used 125093K [0x00000000eb600000, 0x00000000f6e80000, 0x0000000100000000)
  eden space 121856K, 99% used [0x00000000eb600000,0x00000000f2c87728,0x00000000f2d00000)
  from space 4096K, 90% used [0x00000000f6580000,0x00000000f6922040,0x00000000f6980000)
  to   space 5120K, 0% used [0x00000000f6980000,0x00000000f6980000,0x00000000f6e80000)
 ParOldGen       total 42496K, used 22430K [0x00000000c2200000, 0x00000000c4b80000, 0x00000000eb600000)
  object space 42496K, 52% used [0x00000000c2200000,0x00000000c37e78f8,0x00000000c4b80000)
 Metaspace       used 17734K, capacity 17968K, committed 18304K, reserved 1064960K
  class space    used 2077K, capacity 2156K, committed 2176K, reserved 1048576K
Event: 95.985 GC heap after
Heap after GC invocations=20 (full 0):
 PSYoungGen      total 176128K, used 4785K [0x00000000eb600000, 0x00000000f6e80000, 0x0000000100000000)
  eden space 171008K, 0% used [0x00000000eb600000,0x00000000eb600000,0x00000000f5d00000)
  from space 5120K, 93% used [0x00000000f6980000,0x00000000f6e2c520,0x00000000f6e80000)
  to   space 6656K, 0% used [0x00000000f6180000,0x00000000f6180000,0x00000000f6800000)
 ParOldGen       total 42496K, used 22606K [0x00000000c2200000, 0x00000000c4b80000, 0x00000000eb600000)
  object space 42496K, 53% used [0x00000000c2200000,0x00000000c38138f8,0x00000000c4b80000)
 Metaspace       used 17734K, capacity 17968K, committed 18304K, reserved 1064960K
  class space    used 2077K, capacity 2156K, committed 2176K, reserved 1048576K
}

