# JRE version: Java(TM) SE Runtime Environment (8.0_121-b13) (build 1.8.0_121-b13)
# Java VM: Java HotSpot(TM) 64-Bit Server VM (25.121-b13 mixed mode windows-amd64 compressed oops)
Heap:
 PSYoungGen      total 15872K, used 8997K [0x00000000eb600000, 0x00000000ec780000, 0x0000000100000000)
  eden space 13824K, 57% used [0x00000000eb600000,0x00000000ebdc6688,0x00000000ec380000)
  from space 2048K, 50% used [0x00000000ec380000,0x00000000ec482f00,0x00000000ec580000)
  to   space 2048K, 0% used [0x00000000ec580000,0x00000000ec580000,0x00000000ec780000)
 ParOldGen       total 30720K, used 25830K [0x00000000c2200000, 0x00000000c4000000, 0x00000000eb600000)
  object space 30720K, 84% used [0x00000000c2200000,0x00000000c3b39b70,0x00000000c4000000)
 Metaspace       used 17675K, capacity 17886K, committed 18048K, reserved 1064960K
  class space    used 2084K, capacity 2149K, committed 2176K, reserved 1048576K
GC Heap History (10 events):
Event: 1298.172 GC heap before
{Heap before GC invocations=131 (full 2):
 PSYoungGen      total 15872K, used 15010K [0x00000000eb600000, 0x00000000ec780000, 0x0000000100000000)
  eden space 13824K, 99% used [0x00000000eb600000,0x00000000ec36f090,0x00000000ec380000)
  from space 2048K, 61% used [0x00000000ec580000,0x00000000ec6b9ad8,0x00000000ec780000)
  to   space 2048K, 0% used [0x00000000ec380000,0x00000000ec380000,0x00000000ec580000)
 ParOldGen       total 30720K, used 22492K [0x00000000c2200000, 0x00000000c4000000, 0x00000000eb600000)
  object space 30720K, 73% used [0x00000000c2200000,0x00000000c37f7070,0x00000000c4000000)
 Metaspace       used 17641K, capacity 17822K, committed 18048K, reserved 1064960K
  class space    used 2080K, capacity 2149K, committed 2176K, reserved 1048576K
Event: 1298.179 GC heap after
Heap after GC invocations=131 (full 2):
 PSYoungGen      total 15872K, used 863K [0x00000000eb600000, 0x00000000ec780000, 0x0000000100000000)
  eden space 13824K, 0% used [0x00000000eb600000,0x00000000eb600000,0x00000000ec380000)
  from space 2048K, 42% used [0x00000000ec380000,0x00000000ec457e00,0x00000000ec580000)
  to   space 2048K, 0% used [0x00000000ec580000,0x00000000ec580000,0x00000000ec780000)
 ParOldGen       total 30720K, used 23338K [0x00000000c2200000, 0x00000000c4000000, 0x00000000eb600000)
  object space 30720K, 75% used [0x00000000c2200000,0x00000000c38ca958,0x00000000c4000000)
 Metaspace       used 17641K, capacity 17822K, committed 18048K, reserved 1064960K
  class space    used 2080K, capacity 2149K, committed 2176K, reserved 1048576K
}
Event: 1299.431 GC heap before
{Heap before GC invocations=132 (full 2):
 PSYoungGen      total 15872K, used 14674K [0x00000000eb600000, 0x00000000ec780000, 0x0000000100000000)
  eden space 13824K, 99% used [0x00000000eb600000,0x00000000ec37ca90,0x00000000ec380000)
  from space 2048K, 42% used [0x00000000ec380000,0x00000000ec457e00,0x00000000ec580000)
  to   space 2048K, 0% used [0x00000000ec580000,0x00000000ec580000,0x00000000ec780000)
 ParOldGen       total 30720K, used 23338K [0x00000000c2200000, 0x00000000c4000000, 0x00000000eb600000)
  object space 30720K, 75% used [0x00000000c2200000,0x00000000c38ca958,0x00000000c4000000)
 Metaspace       used 17641K, capacity 17822K, committed 18048K, reserved 1064960K
  class space    used 2080K, capacity 2149K, committed 2176K, reserved 1048576K
Event: 1299.438 GC heap after
Heap after GC invocations=132 (full 2):
 PSYoungGen      total 15872K, used 807K [0x00000000eb600000, 0x00000000ec780000, 0x0000000100000000)
  eden space 13824K, 0% used [0x00000000eb600000,0x00000000eb600000,0x00000000ec380000)
  from space 2048K, 39% used [0x00000000ec580000,0x00000000ec649fe0,0x00000000ec780000)
  to   space 2048K, 0% used [0x00000000ec380000,0x00000000ec380000,0x00000000ec580000)
 ParOldGen       total 30720K, used 23935K [0x00000000c2200000, 0x00000000c4000000, 0x00000000eb600000)
  object space 30720K, 77% used [0x00000000c2200000,0x00000000c395fe20,0x00000000c4000000)
 Metaspace       used 17641K, capacity 17822K, committed 18048K, reserved 1064960K
  class space    used 2080K, capacity 2149K, committed 2176K, reserved 1048576K
}
Event: 1300.494 GC heap before
{Heap before GC invocations=133 (full 2):
 PSYoungGen      total 15872K, used 14631K [0x00000000eb600000, 0x00000000ec780000, 0x0000000100000000)
  eden space 13824K, 100% used [0x00000000eb600000,0x00000000ec380000,0x00000000ec380000)
  from space 2048K, 39% used [0x00000000ec580000,0x00000000ec649fe0,0x00000000ec780000)
  to   space 2048K, 0% used [0x00000000ec380000,0x00000000ec380000,0x00000000ec580000)
 ParOldGen       total 30720K, used 23935K [0x00000000c2200000, 0x00000000c4000000, 0x00000000eb600000)
  object space 30720K, 77% used [0x00000000c2200000,0x00000000c395fe20,0x00000000c4000000)
 Metaspace       used 17641K, capacity 17822K, committed 18048K, reserved 1064960K
  class space    used 2080K, capacity 2149K, committed 2176K, reserved 1048576K
Event: 1300.501 GC heap after
Heap after GC invocations=133 (full 2):
 PSYoungGen      total 15872K, used 1195K [0x00000000eb600000, 0x00000000ec780000, 0x0000000100000000)
  eden space 13824K, 0% used [0x00000000eb600000,0x00000000eb600000,0x00000000ec380000)
  from space 2048K, 58% used [0x00000000ec380000,0x00000000ec4aae90,0x00000000ec580000)
  to   space 2048K, 0% used [0x00000000ec580000,0x00000000ec580000,0x00000000ec780000)
 ParOldGen       total 30720K, used 24303K [0x00000000c2200000, 0x00000000c4000000, 0x00000000eb600000)
  object space 30720K, 79% used [0x00000000c2200000,0x00000000c39bbe20,0x00000000c4000000)
 Metaspace       used 17641K, capacity 17822K, committed 18048K, reserved 1064960K
  class space    used 2080K, capacity 2149K, committed 2176K, reserved 1048576K
}
Event: 1301.369 GC heap before
{Heap before GC invocations=134 (full 2):
 PSYoungGen      total 15872K, used 15019K [0x00000000eb600000, 0x00000000ec780000, 0x0000000100000000)
  eden space 13824K, 100% used [0x00000000eb600000,0x00000000ec380000,0x00000000ec380000)
  from space 2048K, 58% used [0x00000000ec380000,0x00000000ec4aae90,0x00000000ec580000)
  to   space 2048K, 0% used [0x00000000ec580000,0x00000000ec580000,0x00000000ec780000)
 ParOldGen       total 30720K, used 24303K [0x00000000c2200000, 0x00000000c4000000, 0x00000000eb600000)
  object space 30720K, 79% used [0x00000000c2200000,0x00000000c39bbe20,0x00000000c4000000)
 Metaspace       used 17641K, capacity 17822K, committed 18048K, reserved 1064960K
  class space    used 2080K, capacity 2149K, committed 2176K, reserved 1048576K
Event: 1301.376 GC heap after
Heap after GC invocations=134 (full 2):
 PSYoungGen      total 15872K, used 791K [0x00000000eb600000, 0x00000000ec780000, 0x0000000100000000)
  eden space 13824K, 0% used [0x00000000eb600000,0x00000000eb600000,0x00000000ec380000)
  from space 2048K, 38% used [0x00000000ec580000,0x00000000ec645d98,0x00000000ec780000)
  to   space 2048K, 0% used [0x00000000ec380000,0x00000000ec380000,0x00000000ec580000)
 ParOldGen       total 30720K, used 25207K [0x00000000c2200000, 0x00000000c4000000, 0x00000000eb600000)
  object space 30720K, 82% used [0x00000000c2200000,0x00000000c3a9ddd8,0x00000000c4000000)
 Metaspace       used 17641K, capacity 17822K, committed 18048K, reserved 1064960K
  class space    used 2080K, capacity 2149K, committed 2176K, reserved 1048576K
}
Event: 1302.403 GC heap before
{Heap before GC invocations=135 (full 2):
 PSYoungGen      total 15872K, used 14615K [0x00000000eb600000, 0x00000000ec780000, 0x0000000100000000)
  eden space 13824K, 100% used [0x00000000eb600000,0x00000000ec380000,0x00000000ec380000)
  from space 2048K, 38% used [0x00000000ec580000,0x00000000ec645d98,0x00000000ec780000)
  to   space 2048K, 0% used [0x00000000ec380000,0x00000000ec380000,0x00000000ec580000)
 ParOldGen       total 30720K, used 25207K [0x00000000c2200000, 0x00000000c4000000, 0x00000000eb600000)
  object space 30720K, 82% used [0x00000000c2200000,0x00000000c3a9ddd8,0x00000000c4000000)
 Metaspace       used 17641K, capacity 17822K, committed 18048K, reserved 1064960K
  class space    used 2080K, capacity 2149K, committed 2176K, reserved 1048576K
Event: 1302.413 GC heap after
Heap after GC invocations=135 (full 2):
 PSYoungGen      total 15872K, used 1035K [0x00000000eb600000, 0x00000000ec780000, 0x0000000100000000)
  eden space 13824K, 0% used [0x00000000eb600000,0x00000000eb600000,0x00000000ec380000)
  from space 2048K, 50% used [0x00000000ec380000,0x00000000ec482f00,0x00000000ec580000)
  to   space 2048K, 0% used [0x00000000ec580000,0x00000000ec580000,0x00000000ec780000)
 ParOldGen       total 30720K, used 25830K [0x00000000c2200000, 0x00000000c4000000, 0x00000000eb600000)
  object space 30720K, 84% used [0x00000000c2200000,0x00000000c3b39b70,0x00000000c4000000)
 Metaspace       used 17641K, capacity 17822K, committed 18048K, reserved 1064960K
  class space    used 2080K, capacity 2149K, committed 2176K, reserved 1048576K
}

